{"total": {"lines":{"total":13730,"covered":9013,"skipped":0,"pct":65.64},"statements":{"total":13730,"covered":9013,"skipped":0,"pct":65.64},"functions":{"total":449,"covered":226,"skipped":0,"pct":50.33},"branches":{"total":722,"covered":600,"skipped":0,"pct":83.1},"branchesTrue":{"total":0,"covered":0,"skipped":0,"pct":100}}
,"/workspaces/BloodHound/cmd/ui/src/App.tsx": {"lines":{"total":97,"covered":38,"skipped":0,"pct":39.17},"functions":{"total":1,"covered":0,"skipped":0,"pct":0},"statements":{"total":97,"covered":38,"skipped":0,"pct":39.17},"branches":{"total":0,"covered":0,"skipped":0,"pct":100}}
,"/workspaces/BloodHound/cmd/ui/src/constants.ts": {"lines":{"total":25,"covered":25,"skipped":0,"pct":100},"functions":{"total":0,"covered":0,"skipped":0,"pct":100},"statements":{"total":25,"covered":25,"skipped":0,"pct":100},"branches":{"total":0,"covered":0,"skipped":0,"pct":100}}
,"/workspaces/BloodHound/cmd/ui/src/rootSaga.ts": {"lines":{"total":27,"covered":26,"skipped":0,"pct":96.29},"functions":{"total":1,"covered":1,"skipped":0,"pct":100},"statements":{"total":27,"covered":26,"skipped":0,"pct":96.29},"branches":{"total":2,"covered":1,"skipped":0,"pct":50}}
,"/workspaces/BloodHound/cmd/ui/src/store.ts": {"lines":{"total":101,"covered":87,"skipped":0,"pct":86.13},"functions":{"total":5,"covered":4,"skipped":0,"pct":80},"statements":{"total":101,"covered":87,"skipped":0,"pct":86.13},"branches":{"total":9,"covered":8,"skipped":0,"pct":88.88}}
,"/workspaces/BloodHound/cmd/ui/src/test-utils.jsx": {"lines":{"total":101,"covered":101,"skipped":0,"pct":100},"functions":{"total":3,"covered":3,"skipped":0,"pct":100},"statements":{"total":101,"covered":101,"skipped":0,"pct":100},"branches":{"total":3,"covered":3,"skipped":0,"pct":100}}
,"/workspaces/BloodHound/cmd/ui/src/utils.ts": {"lines":{"total":222,"covered":95,"skipped":0,"pct":42.79},"functions":{"total":7,"covered":1,"skipped":0,"pct":14.28},"statements":{"total":222,"covered":95,"skipped":0,"pct":42.79},"branches":{"total":6,"covered":5,"skipped":0,"pct":83.33}}
,"/workspaces/BloodHound/cmd/ui/src/components/Header.tsx": {"lines":{"total":141,"covered":32,"skipped":0,"pct":22.69},"functions":{"total":1,"covered":0,"skipped":0,"pct":0},"statements":{"total":141,"covered":32,"skipped":0,"pct":22.69},"branches":{"total":0,"covered":0,"skipped":0,"pct":100}}
,"/workspaces/BloodHound/cmd/ui/src/components/Notifier.tsx": {"lines":{"total":98,"covered":31,"skipped":0,"pct":31.63},"functions":{"total":1,"covered":0,"skipped":0,"pct":0},"statements":{"total":98,"covered":31,"skipped":0,"pct":31.63},"branches":{"total":0,"covered":0,"skipped":0,"pct":100}}
,"/workspaces/BloodHound/cmd/ui/src/components/SettingsMenu.tsx": {"lines":{"total":162,"covered":52,"skipped":0,"pct":32.09},"functions":{"total":1,"covered":0,"skipped":0,"pct":0},"statements":{"total":162,"covered":52,"skipped":0,"pct":32.09},"branches":{"total":0,"covered":0,"skipped":0,"pct":100}}
,"/workspaces/BloodHound/cmd/ui/src/components/AuthenticatedRoute/AuthenticatedRoute.tsx": {"lines":{"total":45,"covered":45,"skipped":0,"pct":100},"functions":{"total":1,"covered":1,"skipped":0,"pct":100},"statements":{"total":45,"covered":45,"skipped":0,"pct":100},"branches":{"total":8,"covered":8,"skipped":0,"pct":100}}
,"/workspaces/BloodHound/cmd/ui/src/components/AuthenticatedRoute/index.ts": {"lines":{"total":19,"covered":19,"skipped":0,"pct":100},"functions":{"total":0,"covered":0,"skipped":0,"pct":100},"statements":{"total":19,"covered":19,"skipped":0,"pct":100},"branches":{"total":0,"covered":0,"skipped":0,"pct":100}}
,"/workspaces/BloodHound/cmd/ui/src/components/FeatureFlag/FeatureFlag.tsx": {"lines":{"total":57,"covered":54,"skipped":0,"pct":94.73},"functions":{"total":1,"covered":1,"skipped":0,"pct":100},"statements":{"total":57,"covered":54,"skipped":0,"pct":94.73},"branches":{"total":7,"covered":6,"skipped":0,"pct":85.71}}
,"/workspaces/BloodHound/cmd/ui/src/components/GraphButtons/GraphButtons.tsx": {"lines":{"total":110,"covered":92,"skipped":0,"pct":83.63},"functions":{"total":5,"covered":2,"skipped":0,"pct":40},"statements":{"total":110,"covered":92,"skipped":0,"pct":83.63},"branches":{"total":8,"covered":5,"skipped":0,"pct":62.5}}
,"/workspaces/BloodHound/cmd/ui/src/components/GraphButtons/index.tsx": {"lines":{"total":19,"covered":19,"skipped":0,"pct":100},"functions":{"total":0,"covered":0,"skipped":0,"pct":100},"statements":{"total":19,"covered":19,"skipped":0,"pct":100},"branches":{"total":0,"covered":0,"skipped":0,"pct":100}}
,"/workspaces/BloodHound/cmd/ui/src/components/LeftNav/LeftNav.tsx": {"lines":{"total":133,"covered":133,"skipped":0,"pct":100},"functions":{"total":1,"covered":1,"skipped":0,"pct":100},"statements":{"total":133,"covered":133,"skipped":0,"pct":100},"branches":{"total":8,"covered":7,"skipped":0,"pct":87.5}}
,"/workspaces/BloodHound/cmd/ui/src/components/LeftNav/index.ts": {"lines":{"total":19,"covered":19,"skipped":0,"pct":100},"functions":{"total":0,"covered":0,"skipped":0,"pct":100},"statements":{"total":19,"covered":19,"skipped":0,"pct":100},"branches":{"total":0,"covered":0,"skipped":0,"pct":100}}
,"/workspaces/BloodHound/cmd/ui/src/components/LoginForm/LoginForm.tsx": {"lines":{"total":97,"covered":97,"skipped":0,"pct":100},"functions":{"total":4,"covered":4,"skipped":0,"pct":100},"statements":{"total":97,"covered":97,"skipped":0,"pct":100},"branches":{"total":6,"covered":6,"skipped":0,"pct":100}}
,"/workspaces/BloodHound/cmd/ui/src/components/LoginViaSAMLForm/LoginViaSAMLForm.tsx": {"lines":{"total":92,"covered":90,"skipped":0,"pct":97.82},"functions":{"total":3,"covered":3,"skipped":0,"pct":100},"statements":{"total":92,"covered":90,"skipped":0,"pct":97.82},"branches":{"total":5,"covered":4,"skipped":0,"pct":80}}
,"/workspaces/BloodHound/cmd/ui/src/components/PasswordResetForm/PasswordResetForm.tsx": {"lines":{"total":129,"covered":129,"skipped":0,"pct":100},"functions":{"total":7,"covered":7,"skipped":0,"pct":100},"statements":{"total":129,"covered":129,"skipped":0,"pct":100},"branches":{"total":18,"covered":18,"skipped":0,"pct":100}}
,"/workspaces/BloodHound/cmd/ui/src/ducks/index.ts": {"lines":{"total":23,"covered":23,"skipped":0,"pct":100},"functions":{"total":0,"covered":0,"skipped":0,"pct":100},"statements":{"total":23,"covered":23,"skipped":0,"pct":100},"branches":{"total":0,"covered":0,"skipped":0,"pct":100}}
,"/workspaces/BloodHound/cmd/ui/src/ducks/assetgroups/actionCreators.ts": {"lines":{"total":51,"covered":30,"skipped":0,"pct":58.82},"functions":{"total":6,"covered":0,"skipped":0,"pct":0},"statements":{"total":51,"covered":30,"skipped":0,"pct":58.82},"branches":{"total":0,"covered":0,"skipped":0,"pct":100}}
,"/workspaces/BloodHound/cmd/ui/src/ducks/assetgroups/actions.ts": {"lines":{"total":22,"covered":22,"skipped":0,"pct":100},"functions":{"total":0,"covered":0,"skipped":0,"pct":100},"statements":{"total":22,"covered":22,"skipped":0,"pct":100},"branches":{"total":0,"covered":0,"skipped":0,"pct":100}}
,"/workspaces/BloodHound/cmd/ui/src/ducks/assetgroups/index.ts": {"lines":{"total":19,"covered":19,"skipped":0,"pct":100},"functions":{"total":0,"covered":0,"skipped":0,"pct":100},"statements":{"total":19,"covered":19,"skipped":0,"pct":100},"branches":{"total":0,"covered":0,"skipped":0,"pct":100}}
,"/workspaces/BloodHound/cmd/ui/src/ducks/assetgroups/reducer.ts": {"lines":{"total":66,"covered":46,"skipped":0,"pct":69.69},"functions":{"total":1,"covered":1,"skipped":0,"pct":100},"statements":{"total":66,"covered":46,"skipped":0,"pct":69.69},"branches":{"total":8,"covered":2,"skipped":0,"pct":25}}
,"/workspaces/BloodHound/cmd/ui/src/ducks/assetgroups/saga.ts": {"lines":{"total":60,"covered":39,"skipped":0,"pct":65},"functions":{"total":3,"covered":1,"skipped":0,"pct":33.33},"statements":{"total":60,"covered":39,"skipped":0,"pct":65},"branches":{"total":1,"covered":1,"skipped":0,"pct":100}}
,"/workspaces/BloodHound/cmd/ui/src/ducks/auth/authSlice.ts": {"lines":{"total":240,"covered":124,"skipped":0,"pct":51.66},"functions":{"total":1,"covered":1,"skipped":0,"pct":100},"statements":{"total":240,"covered":124,"skipped":0,"pct":51.66},"branches":{"total":6,"covered":6,"skipped":0,"pct":100}}
,"/workspaces/BloodHound/cmd/ui/src/ducks/entityinfo/index.ts": {"lines":{"total":19,"covered":19,"skipped":0,"pct":100},"functions":{"total":0,"covered":0,"skipped":0,"pct":100},"statements":{"total":19,"covered":19,"skipped":0,"pct":100},"branches":{"total":0,"covered":0,"skipped":0,"pct":100}}
,"/workspaces/BloodHound/cmd/ui/src/ducks/entityinfo/reducer.ts": {"lines":{"total":36,"covered":32,"skipped":0,"pct":88.88},"functions":{"total":1,"covered":1,"skipped":0,"pct":100},"statements":{"total":36,"covered":32,"skipped":0,"pct":88.88},"branches":{"total":4,"covered":2,"skipped":0,"pct":50}}
,"/workspaces/BloodHound/cmd/ui/src/ducks/entityinfo/types.ts": {"lines":{"total":398,"covered":396,"skipped":0,"pct":99.49},"functions":{"total":1,"covered":0,"skipped":0,"pct":0},"statements":{"total":398,"covered":396,"skipped":0,"pct":99.49},"branches":{"total":0,"covered":0,"skipped":0,"pct":100}}
,"/workspaces/BloodHound/cmd/ui/src/ducks/explore/actions.ts": {"lines":{"total":127,"covered":51,"skipped":0,"pct":40.15},"functions":{"total":14,"covered":1,"skipped":0,"pct":7.14},"statements":{"total":127,"covered":51,"skipped":0,"pct":40.15},"branches":{"total":1,"covered":1,"skipped":0,"pct":100}}
,"/workspaces/BloodHound/cmd/ui/src/ducks/explore/index.ts": {"lines":{"total":19,"covered":19,"skipped":0,"pct":100},"functions":{"total":0,"covered":0,"skipped":0,"pct":100},"statements":{"total":19,"covered":19,"skipped":0,"pct":100},"branches":{"total":0,"covered":0,"skipped":0,"pct":100}}
,"/workspaces/BloodHound/cmd/ui/src/ducks/explore/reducer.ts": {"lines":{"total":56,"covered":45,"skipped":0,"pct":80.35},"functions":{"total":1,"covered":1,"skipped":0,"pct":100},"statements":{"total":56,"covered":45,"skipped":0,"pct":80.35},"branches":{"total":12,"covered":4,"skipped":0,"pct":33.33}}
,"/workspaces/BloodHound/cmd/ui/src/ducks/explore/saga.ts": {"lines":{"total":266,"covered":56,"skipped":0,"pct":21.05},"functions":{"total":15,"covered":2,"skipped":0,"pct":13.33},"statements":{"total":266,"covered":56,"skipped":0,"pct":21.05},"branches":{"total":2,"covered":2,"skipped":0,"pct":100}}
,"/workspaces/BloodHound/cmd/ui/src/ducks/explore/types.ts": {"lines":{"total":208,"covered":208,"skipped":0,"pct":100},"functions":{"total":0,"covered":0,"skipped":0,"pct":100},"statements":{"total":208,"covered":208,"skipped":0,"pct":100},"branches":{"total":2,"covered":2,"skipped":0,"pct":100}}
,"/workspaces/BloodHound/cmd/ui/src/ducks/global/actions.ts": {"lines":{"total":87,"covered":48,"skipped":0,"pct":55.17},"functions":{"total":9,"covered":1,"skipped":0,"pct":11.11},"statements":{"total":87,"covered":48,"skipped":0,"pct":55.17},"branches":{"total":2,"covered":1,"skipped":0,"pct":50}}
,"/workspaces/BloodHound/cmd/ui/src/ducks/global/index.ts": {"lines":{"total":19,"covered":19,"skipped":0,"pct":100},"functions":{"total":0,"covered":0,"skipped":0,"pct":100},"statements":{"total":19,"covered":19,"skipped":0,"pct":100},"branches":{"total":0,"covered":0,"skipped":0,"pct":100}}
,"/workspaces/BloodHound/cmd/ui/src/ducks/global/reducer.ts": {"lines":{"total":83,"covered":68,"skipped":0,"pct":81.92},"functions":{"total":3,"covered":3,"skipped":0,"pct":100},"statements":{"total":83,"covered":68,"skipped":0,"pct":81.92},"branches":{"total":15,"covered":8,"skipped":0,"pct":53.33}}
,"/workspaces/BloodHound/cmd/ui/src/ducks/global/routes.ts": {"lines":{"total":32,"covered":32,"skipped":0,"pct":100},"functions":{"total":0,"covered":0,"skipped":0,"pct":100},"statements":{"total":32,"covered":32,"skipped":0,"pct":100},"branches":{"total":0,"covered":0,"skipped":0,"pct":100}}
,"/workspaces/BloodHound/cmd/ui/src/ducks/global/types.ts": {"lines":{"total":129,"covered":129,"skipped":0,"pct":100},"functions":{"total":0,"covered":0,"skipped":0,"pct":100},"statements":{"total":129,"covered":129,"skipped":0,"pct":100},"branches":{"total":0,"covered":0,"skipped":0,"pct":100}}
,"/workspaces/BloodHound/cmd/ui/src/ducks/graph/colors.ts": {"lines":{"total":141,"covered":65,"skipped":0,"pct":46.09},"functions":{"total":15,"covered":2,"skipped":0,"pct":13.33},"statements":{"total":141,"covered":65,"skipped":0,"pct":46.09},"branches":{"total":3,"covered":3,"skipped":0,"pct":100}}
,"/workspaces/BloodHound/cmd/ui/src/ducks/graph/graphutils.ts": {"lines":{"total":255,"covered":104,"skipped":0,"pct":40.78},"functions":{"total":14,"covered":0,"skipped":0,"pct":0},"statements":{"total":255,"covered":104,"skipped":0,"pct":40.78},"branches":{"total":0,"covered":0,"skipped":0,"pct":100}}
,"/workspaces/BloodHound/cmd/ui/src/ducks/graph/types.ts": {"lines":{"total":62,"covered":62,"skipped":0,"pct":100},"functions":{"total":0,"covered":0,"skipped":0,"pct":100},"statements":{"total":62,"covered":62,"skipped":0,"pct":100},"branches":{"total":1,"covered":1,"skipped":0,"pct":100}}
,"/workspaces/BloodHound/cmd/ui/src/ducks/graph/utils.ts": {"lines":{"total":208,"covered":142,"skipped":0,"pct":68.26},"functions":{"total":11,"covered":6,"skipped":0,"pct":54.54},"statements":{"total":208,"covered":142,"skipped":0,"pct":68.26},"branches":{"total":19,"covered":14,"skipped":0,"pct":73.68}}
,"/workspaces/BloodHound/cmd/ui/src/ducks/searchbar/actions.ts": {"lines":{"total":94,"covered":63,"skipped":0,"pct":67.02},"functions":{"total":9,"covered":4,"skipped":0,"pct":44.44},"statements":{"total":94,"covered":63,"skipped":0,"pct":67.02},"branches":{"total":4,"covered":4,"skipped":0,"pct":100}}
,"/workspaces/BloodHound/cmd/ui/src/ducks/searchbar/index.ts": {"lines":{"total":19,"covered":19,"skipped":0,"pct":100},"functions":{"total":0,"covered":0,"skipped":0,"pct":100},"statements":{"total":19,"covered":19,"skipped":0,"pct":100},"branches":{"total":0,"covered":0,"skipped":0,"pct":100}}
,"/workspaces/BloodHound/cmd/ui/src/ducks/searchbar/reducer.ts": {"lines":{"total":140,"covered":100,"skipped":0,"pct":71.42},"functions":{"total":2,"covered":2,"skipped":0,"pct":100},"statements":{"total":140,"covered":100,"skipped":0,"pct":71.42},"branches":{"total":17,"covered":13,"skipped":0,"pct":76.47}}
,"/workspaces/BloodHound/cmd/ui/src/ducks/searchbar/saga.ts": {"lines":{"total":67,"covered":37,"skipped":0,"pct":55.22},"functions":{"total":5,"covered":3,"skipped":0,"pct":60},"statements":{"total":67,"covered":37,"skipped":0,"pct":55.22},"branches":{"total":3,"covered":3,"skipped":0,"pct":100}}
,"/workspaces/BloodHound/cmd/ui/src/ducks/searchbar/types.ts": {"lines":{"total":163,"covered":163,"skipped":0,"pct":100},"functions":{"total":0,"covered":0,"skipped":0,"pct":100},"statements":{"total":163,"covered":163,"skipped":0,"pct":100},"branches":{"total":1,"covered":1,"skipped":0,"pct":100}}
,"/workspaces/BloodHound/cmd/ui/src/ducks/tierzero/actions.ts": {"lines":{"total":78,"covered":33,"skipped":0,"pct":42.3},"functions":{"total":8,"covered":0,"skipped":0,"pct":0},"statements":{"total":78,"covered":33,"skipped":0,"pct":42.3},"branches":{"total":0,"covered":0,"skipped":0,"pct":100}}
,"/workspaces/BloodHound/cmd/ui/src/ducks/tierzero/index.ts": {"lines":{"total":19,"covered":19,"skipped":0,"pct":100},"functions":{"total":0,"covered":0,"skipped":0,"pct":100},"statements":{"total":19,"covered":19,"skipped":0,"pct":100},"branches":{"total":0,"covered":0,"skipped":0,"pct":100}}
,"/workspaces/BloodHound/cmd/ui/src/ducks/tierzero/reducer.ts": {"lines":{"total":73,"covered":45,"skipped":0,"pct":61.64},"functions":{"total":1,"covered":1,"skipped":0,"pct":100},"statements":{"total":73,"covered":45,"skipped":0,"pct":61.64},"branches":{"total":12,"covered":2,"skipped":0,"pct":16.66}}
,"/workspaces/BloodHound/cmd/ui/src/ducks/tierzero/saga.ts": {"lines":{"total":69,"covered":30,"skipped":0,"pct":43.47},"functions":{"total":2,"covered":1,"skipped":0,"pct":50},"statements":{"total":69,"covered":30,"skipped":0,"pct":43.47},"branches":{"total":1,"covered":1,"skipped":0,"pct":100}}
,"/workspaces/BloodHound/cmd/ui/src/ducks/tierzero/types.ts": {"lines":{"total":98,"covered":98,"skipped":0,"pct":100},"functions":{"total":0,"covered":0,"skipped":0,"pct":100},"statements":{"total":98,"covered":98,"skipped":0,"pct":100},"branches":{"total":0,"covered":0,"skipped":0,"pct":100}}
,"/workspaces/BloodHound/cmd/ui/src/hooks/useCollectors.tsx": {"lines":{"total":38,"covered":38,"skipped":0,"pct":100},"functions":{"total":4,"covered":3,"skipped":0,"pct":75},"statements":{"total":38,"covered":38,"skipped":0,"pct":100},"branches":{"total":5,"covered":5,"skipped":0,"pct":100}}
,"/workspaces/BloodHound/cmd/ui/src/hooks/useDebouncedValue.tsx": {"lines":{"total":32,"covered":32,"skipped":0,"pct":100},"functions":{"total":1,"covered":1,"skipped":0,"pct":100},"statements":{"total":32,"covered":32,"skipped":0,"pct":100},"branches":{"total":4,"covered":4,"skipped":0,"pct":100}}
,"/workspaces/BloodHound/cmd/ui/src/hooks/useFeatureFlags.tsx": {"lines":{"total":57,"covered":53,"skipped":0,"pct":92.98},"functions":{"total":8,"covered":6,"skipped":0,"pct":75},"statements":{"total":57,"covered":53,"skipped":0,"pct":92.98},"branches":{"total":9,"covered":9,"skipped":0,"pct":100}}
,"/workspaces/BloodHound/cmd/ui/src/hooks/useToggle.tsx": {"lines":{"total":27,"covered":27,"skipped":0,"pct":100},"functions":{"total":2,"covered":2,"skipped":0,"pct":100},"statements":{"total":27,"covered":27,"skipped":0,"pct":100},"branches":{"total":2,"covered":2,"skipped":0,"pct":100}}
,"/workspaces/BloodHound/cmd/ui/src/hooks/useLayoutDagre/useLayoutDagre.tsx": {"lines":{"total":159,"covered":120,"skipped":0,"pct":75.47},"functions":{"total":7,"covered":4,"skipped":0,"pct":57.14},"statements":{"total":159,"covered":120,"skipped":0,"pct":75.47},"branches":{"total":17,"covered":13,"skipped":0,"pct":76.47}}
,"/workspaces/BloodHound/cmd/ui/src/hooks/useSearch/index.ts": {"lines":{"total":17,"covered":17,"skipped":0,"pct":100},"functions":{"total":0,"covered":0,"skipped":0,"pct":100},"statements":{"total":17,"covered":17,"skipped":0,"pct":100},"branches":{"total":0,"covered":0,"skipped":0,"pct":100}}
,"/workspaces/BloodHound/cmd/ui/src/hooks/useSearch/useSearch.tsx": {"lines":{"total":106,"covered":106,"skipped":0,"pct":100},"functions":{"total":7,"covered":7,"skipped":0,"pct":100},"statements":{"total":106,"covered":106,"skipped":0,"pct":100},"branches":{"total":36,"covered":36,"skipped":0,"pct":100}}
,"/workspaces/BloodHound/cmd/ui/src/rendering/programs/node.glyphs.ts": {"lines":{"total":561,"covered":91,"skipped":0,"pct":16.22},"functions":{"total":6,"covered":0,"skipped":0,"pct":0},"statements":{"total":561,"covered":91,"skipped":0,"pct":16.22},"branches":{"total":1,"covered":1,"skipped":0,"pct":100}}
,"/workspaces/BloodHound/cmd/ui/src/rendering/shaders/node.glyphs.frag.ts": {"lines":{"total":70,"covered":70,"skipped":0,"pct":100},"functions":{"total":0,"covered":0,"skipped":0,"pct":100},"statements":{"total":70,"covered":70,"skipped":0,"pct":100},"branches":{"total":0,"covered":0,"skipped":0,"pct":100}}
,"/workspaces/BloodHound/cmd/ui/src/rendering/shaders/node.glyphs.vert.ts": {"lines":{"total":69,"covered":69,"skipped":0,"pct":100},"functions":{"total":0,"covered":0,"skipped":0,"pct":100},"statements":{"total":69,"covered":69,"skipped":0,"pct":100},"branches":{"total":0,"covered":0,"skipped":0,"pct":100}}
,"/workspaces/BloodHound/cmd/ui/src/rendering/utils/bezier.ts": {"lines":{"total":101,"covered":67,"skipped":0,"pct":66.33},"functions":{"total":7,"covered":5,"skipped":0,"pct":71.42},"statements":{"total":101,"covered":67,"skipped":0,"pct":66.33},"branches":{"total":5,"covered":5,"skipped":0,"pct":100}}
,"/workspaces/BloodHound/cmd/ui/src/rendering/utils/utils.ts": {"lines":{"total":45,"covered":35,"skipped":0,"pct":77.77},"functions":{"total":2,"covered":1,"skipped":0,"pct":50},"statements":{"total":45,"covered":35,"skipped":0,"pct":77.77},"branches":{"total":5,"covered":5,"skipped":0,"pct":100}}
,"/workspaces/BloodHound/cmd/ui/src/views/Content.tsx": {"lines":{"total":193,"covered":53,"skipped":0,"pct":27.46},"functions":{"total":1,"covered":0,"skipped":0,"pct":0},"statements":{"total":193,"covered":53,"skipped":0,"pct":27.46},"branches":{"total":0,"covered":0,"skipped":0,"pct":100}}
,"/workspaces/BloodHound/cmd/ui/src/views/Administration/Administration.tsx": {"lines":{"total":138,"covered":138,"skipped":0,"pct":100},"functions":{"total":1,"covered":1,"skipped":0,"pct":100},"statements":{"total":138,"covered":138,"skipped":0,"pct":100},"branches":{"total":5,"covered":5,"skipped":0,"pct":100}}
,"/workspaces/BloodHound/cmd/ui/src/views/ApiExplorer/ApiExplorer.tsx": {"lines":{"total":62,"covered":31,"skipped":0,"pct":50},"functions":{"total":2,"covered":0,"skipped":0,"pct":0},"statements":{"total":62,"covered":31,"skipped":0,"pct":50},"branches":{"total":0,"covered":0,"skipped":0,"pct":100}}
,"/workspaces/BloodHound/cmd/ui/src/views/ApiExplorer/swagger/CommunityIcon.tsx": {"lines":{"total":31,"covered":18,"skipped":0,"pct":58.06},"functions":{"total":1,"covered":0,"skipped":0,"pct":0},"statements":{"total":31,"covered":18,"skipped":0,"pct":58.06},"branches":{"total":0,"covered":0,"skipped":0,"pct":100}}
,"/workspaces/BloodHound/cmd/ui/src/views/ApiExplorer/swagger/EnterpriseIcon.tsx": {"lines":{"total":41,"covered":18,"skipped":0,"pct":43.9},"functions":{"total":1,"covered":0,"skipped":0,"pct":0},"statements":{"total":41,"covered":18,"skipped":0,"pct":43.9},"branches":{"total":0,"covered":0,"skipped":0,"pct":100}}
,"/workspaces/BloodHound/cmd/ui/src/views/ApiExplorer/swagger/HideEditionTagsPlugin.tsx": {"lines":{"total":33,"covered":17,"skipped":0,"pct":51.51},"functions":{"total":1,"covered":0,"skipped":0,"pct":0},"statements":{"total":33,"covered":17,"skipped":0,"pct":51.51},"branches":{"total":0,"covered":0,"skipped":0,"pct":100}}
,"/workspaces/BloodHound/cmd/ui/src/views/ApiExplorer/swagger/OperationsEditionPlugin.tsx": {"lines":{"total":181,"covered":59,"skipped":0,"pct":32.59},"functions":{"total":3,"covered":1,"skipped":0,"pct":33.33},"statements":{"total":181,"covered":59,"skipped":0,"pct":32.59},"branches":{"total":1,"covered":1,"skipped":0,"pct":100}}
,"/workspaces/BloodHound/cmd/ui/src/views/ApiExplorer/swagger/OperationsFilterPlugin.ts": {"lines":{"total":29,"covered":21,"skipped":0,"pct":72.41},"functions":{"total":3,"covered":1,"skipped":0,"pct":33.33},"statements":{"total":29,"covered":21,"skipped":0,"pct":72.41},"branches":{"total":1,"covered":1,"skipped":0,"pct":100}}
,"/workspaces/BloodHound/cmd/ui/src/views/ApiExplorer/swagger/OperationsLayoutPlugin.tsx": {"lines":{"total":90,"covered":35,"skipped":0,"pct":38.88},"functions":{"total":2,"covered":0,"skipped":0,"pct":0},"statements":{"total":90,"covered":35,"skipped":0,"pct":38.88},"branches":{"total":0,"covered":0,"skipped":0,"pct":100}}
,"/workspaces/BloodHound/cmd/ui/src/views/DownloadCollectors/DownloadCollectors.tsx": {"lines":{"total":156,"covered":145,"skipped":0,"pct":92.94},"functions":{"total":3,"covered":3,"skipped":0,"pct":100},"statements":{"total":156,"covered":145,"skipped":0,"pct":92.94},"branches":{"total":25,"covered":23,"skipped":0,"pct":92}}
,"/workspaces/BloodHound/cmd/ui/src/views/EarlyAccessFeatures/EarlyAccessFeatures.tsx": {"lines":{"total":175,"covered":163,"skipped":0,"pct":93.14},"functions":{"total":8,"covered":7,"skipped":0,"pct":87.5},"statements":{"total":175,"covered":163,"skipped":0,"pct":93.14},"branches":{"total":26,"covered":25,"skipped":0,"pct":96.15}}
,"/workspaces/BloodHound/cmd/ui/src/views/EarlyAccessFeatures/index.ts": {"lines":{"total":19,"covered":19,"skipped":0,"pct":100},"functions":{"total":0,"covered":0,"skipped":0,"pct":100},"statements":{"total":19,"covered":19,"skipped":0,"pct":100},"branches":{"total":0,"covered":0,"skipped":0,"pct":100}}
,"/workspaces/BloodHound/cmd/ui/src/views/Explore/fragments.tsx": {"lines":{"total":242,"covered":143,"skipped":0,"pct":59.09},"functions":{"total":8,"covered":5,"skipped":0,"pct":62.5},"statements":{"total":242,"covered":143,"skipped":0,"pct":59.09},"branches":{"total":21,"covered":18,"skipped":0,"pct":85.71}}
,"/workspaces/BloodHound/cmd/ui/src/views/Explore/svgIcons.ts": {"lines":{"total":50,"covered":50,"skipped":0,"pct":100},"functions":{"total":2,"covered":2,"skipped":0,"pct":100},"statements":{"total":50,"covered":50,"skipped":0,"pct":100},"branches":{"total":5,"covered":4,"skipped":0,"pct":80}}
,"/workspaces/BloodHound/cmd/ui/src/views/Explore/utils.ts": {"lines":{"total":217,"covered":119,"skipped":0,"pct":54.83},"functions":{"total":9,"covered":6,"skipped":0,"pct":66.66},"statements":{"total":217,"covered":119,"skipped":0,"pct":54.83},"branches":{"total":23,"covered":18,"skipped":0,"pct":78.26}}
,"/workspaces/BloodHound/cmd/ui/src/views/Explore/EdgeInfo/EdgeInfoCollapsibleSection.tsx": {"lines":{"total":59,"covered":59,"skipped":0,"pct":100},"functions":{"total":2,"covered":1,"skipped":0,"pct":50},"statements":{"total":59,"covered":59,"skipped":0,"pct":100},"branches":{"total":3,"covered":2,"skipped":0,"pct":66.66}}
,"/workspaces/BloodHound/cmd/ui/src/views/Explore/EdgeInfo/EdgeInfoContent.tsx": {"lines":{"total":75,"covered":53,"skipped":0,"pct":70.66},"functions":{"total":1,"covered":1,"skipped":0,"pct":100},"statements":{"total":75,"covered":53,"skipped":0,"pct":70.66},"branches":{"total":2,"covered":1,"skipped":0,"pct":50}}
,"/workspaces/BloodHound/cmd/ui/src/views/Explore/EdgeInfo/EdgeObjectInformation.tsx": {"lines":{"total":80,"covered":80,"skipped":0,"pct":100},"functions":{"total":2,"covered":2,"skipped":0,"pct":100},"statements":{"total":80,"covered":80,"skipped":0,"pct":100},"branches":{"total":10,"covered":8,"skipped":0,"pct":80}}
,"/workspaces/BloodHound/cmd/ui/src/views/Explore/EntityInfo/EntityInfoCollapsibleSection.tsx": {"lines":{"total":86,"covered":82,"skipped":0,"pct":95.34},"functions":{"total":4,"covered":3,"skipped":0,"pct":75},"statements":{"total":86,"covered":82,"skipped":0,"pct":95.34},"branches":{"total":12,"covered":8,"skipped":0,"pct":66.66}}
,"/workspaces/BloodHound/cmd/ui/src/views/Explore/EntityInfo/EntityInfoContent.tsx": {"lines":{"total":53,"covered":52,"skipped":0,"pct":98.11},"functions":{"total":2,"covered":2,"skipped":0,"pct":100},"statements":{"total":53,"covered":52,"skipped":0,"pct":98.11},"branches":{"total":7,"covered":5,"skipped":0,"pct":71.42}}
,"/workspaces/BloodHound/cmd/ui/src/views/Explore/EntityInfo/EntityInfoDataTable.tsx": {"lines":{"total":130,"covered":85,"skipped":0,"pct":65.38},"functions":{"total":4,"covered":2,"skipped":0,"pct":50},"statements":{"total":130,"covered":85,"skipped":0,"pct":65.38},"branches":{"total":6,"covered":3,"skipped":0,"pct":50}}
,"/workspaces/BloodHound/cmd/ui/src/views/Explore/EntityInfo/EntityInfoDataTableList.tsx": {"lines":{"total":40,"covered":40,"skipped":0,"pct":100},"functions":{"total":1,"covered":1,"skipped":0,"pct":100},"statements":{"total":40,"covered":40,"skipped":0,"pct":100},"branches":{"total":2,"covered":2,"skipped":0,"pct":100}}
,"/workspaces/BloodHound/cmd/ui/src/views/Explore/EntityInfo/EntityInfoPanelContext.ts": {"lines":{"total":37,"covered":35,"skipped":0,"pct":94.59},"functions":{"total":1,"covered":1,"skipped":0,"pct":100},"statements":{"total":37,"covered":35,"skipped":0,"pct":94.59},"branches":{"total":2,"covered":1,"skipped":0,"pct":50}}
,"/workspaces/BloodHound/cmd/ui/src/views/Explore/EntityInfo/EntityInfoPanelContextProvider.tsx": {"lines":{"total":39,"covered":37,"skipped":0,"pct":94.87},"functions":{"total":3,"covered":2,"skipped":0,"pct":66.66},"statements":{"total":39,"covered":37,"skipped":0,"pct":94.87},"branches":{"total":3,"covered":3,"skipped":0,"pct":100}}
,"/workspaces/BloodHound/cmd/ui/src/views/Explore/EntityInfo/EntityObjectInformation.tsx": {"lines":{"total":36,"covered":36,"skipped":0,"pct":100},"functions":{"total":1,"covered":1,"skipped":0,"pct":100},"statements":{"total":36,"covered":36,"skipped":0,"pct":100},"branches":{"total":1,"covered":1,"skipped":0,"pct":100}}
,"/workspaces/BloodHound/cmd/ui/src/views/Explore/EntityInfo/content.ts": {"lines":{"total":1858,"covered":99,"skipped":0,"pct":5.32},"functions":{"total":57,"covered":3,"skipped":0,"pct":5.26},"statements":{"total":1858,"covered":99,"skipped":0,"pct":5.32},"branches":{"total":4,"covered":4,"skipped":0,"pct":100}}
,"/workspaces/BloodHound/cmd/ui/src/views/Explore/ExploreSearch/CommonSearches.tsx": {"lines":{"total":96,"covered":96,"skipped":0,"pct":100},"functions":{"total":3,"covered":3,"skipped":0,"pct":100},"statements":{"total":96,"covered":96,"skipped":0,"pct":100},"branches":{"total":11,"covered":11,"skipped":0,"pct":100}}
,"/workspaces/BloodHound/cmd/ui/src/views/Explore/ExploreSearch/CypherSearch.tsx": {"lines":{"total":256,"covered":208,"skipped":0,"pct":81.25},"functions":{"total":14,"covered":3,"skipped":0,"pct":21.42},"statements":{"total":256,"covered":208,"skipped":0,"pct":81.25},"branches":{"total":11,"covered":10,"skipped":0,"pct":90.9}}
,"/workspaces/BloodHound/cmd/ui/src/views/Explore/ExploreSearch/EdgeFilteringDialog.tsx": {"lines":{"total":310,"covered":310,"skipped":0,"pct":100},"functions":{"total":19,"covered":19,"skipped":0,"pct":100},"statements":{"total":310,"covered":310,"skipped":0,"pct":100},"branches":{"total":35,"covered":35,"skipped":0,"pct":100}}
,"/workspaces/BloodHound/cmd/ui/src/views/Explore/ExploreSearch/ExploreSearch.tsx": {"lines":{"total":175,"covered":171,"skipped":0,"pct":97.71},"functions":{"total":6,"covered":6,"skipped":0,"pct":100},"statements":{"total":175,"covered":171,"skipped":0,"pct":97.71},"branches":{"total":19,"covered":15,"skipped":0,"pct":78.94}}
,"/workspaces/BloodHound/cmd/ui/src/views/Explore/ExploreSearch/NodeSearch.tsx": {"lines":{"total":70,"covered":70,"skipped":0,"pct":100},"functions":{"total":3,"covered":3,"skipped":0,"pct":100},"statements":{"total":70,"covered":70,"skipped":0,"pct":100},"branches":{"total":9,"covered":8,"skipped":0,"pct":88.88}}
,"/workspaces/BloodHound/cmd/ui/src/views/Explore/ExploreSearch/PathfindingSearch.tsx": {"lines":{"total":147,"covered":147,"skipped":0,"pct":100},"functions":{"total":7,"covered":7,"skipped":0,"pct":100},"statements":{"total":147,"covered":147,"skipped":0,"pct":100},"branches":{"total":20,"covered":20,"skipped":0,"pct":100}}
,"/workspaces/BloodHound/cmd/ui/src/views/Explore/ExploreSearch/SaveQueryDialog.tsx": {"lines":{"total":77,"covered":75,"skipped":0,"pct":97.4},"functions":{"total":4,"covered":3,"skipped":0,"pct":75},"statements":{"total":77,"covered":75,"skipped":0,"pct":97.4},"branches":{"total":6,"covered":6,"skipped":0,"pct":100}}
,"/workspaces/BloodHound/cmd/ui/src/views/Explore/ExploreSearch/edgeTypes.tsx": {"lines":{"total":164,"covered":164,"skipped":0,"pct":100},"functions":{"total":0,"covered":0,"skipped":0,"pct":100},"statements":{"total":164,"covered":164,"skipped":0,"pct":100},"branches":{"total":0,"covered":0,"skipped":0,"pct":100}}
,"/workspaces/BloodHound/cmd/ui/src/views/Explore/ExploreSearch/index.ts": {"lines":{"total":19,"covered":19,"skipped":0,"pct":100},"functions":{"total":0,"covered":0,"skipped":0,"pct":100},"statements":{"total":19,"covered":19,"skipped":0,"pct":100},"branches":{"total":0,"covered":0,"skipped":0,"pct":100}}
,"/workspaces/BloodHound/cmd/ui/src/views/Explore/ExploreSearchCombobox/ExploreSearchCombobox.tsx": {"lines":{"total":145,"covered":143,"skipped":0,"pct":98.62},"functions":{"total":3,"covered":3,"skipped":0,"pct":100},"statements":{"total":145,"covered":143,"skipped":0,"pct":98.62},"branches":{"total":21,"covered":18,"skipped":0,"pct":85.71}}
,"/workspaces/BloodHound/cmd/ui/src/views/Explore/ExploreSearchCombobox/index.ts": {"lines":{"total":19,"covered":19,"skipped":0,"pct":100},"functions":{"total":0,"covered":0,"skipped":0,"pct":100},"statements":{"total":19,"covered":19,"skipped":0,"pct":100},"branches":{"total":0,"covered":0,"skipped":0,"pct":100}}
,"/workspaces/BloodHound/cmd/ui/src/views/Explore/InfoStyles/CollapsibleSection.tsx": {"lines":{"total":131,"covered":131,"skipped":0,"pct":100},"functions":{"total":0,"covered":0,"skipped":0,"pct":100},"statements":{"total":131,"covered":131,"skipped":0,"pct":100},"branches":{"total":1,"covered":1,"skipped":0,"pct":100}}
,"/workspaces/BloodHound/cmd/ui/src/views/FileIngest/FileIngest.tsx": {"lines":{"total":220,"covered":197,"skipped":0,"pct":89.54},"functions":{"total":15,"covered":11,"skipped":0,"pct":73.33},"statements":{"total":220,"covered":197,"skipped":0,"pct":89.54},"branches":{"total":37,"covered":29,"skipped":0,"pct":78.37}}
,"/workspaces/BloodHound/cmd/ui/src/views/FileIngest/index.ts": {"lines":{"total":19,"covered":19,"skipped":0,"pct":100},"functions":{"total":0,"covered":0,"skipped":0,"pct":100},"statements":{"total":19,"covered":19,"skipped":0,"pct":100},"branches":{"total":0,"covered":0,"skipped":0,"pct":100}}
,"/workspaces/BloodHound/cmd/ui/src/views/QA/DataSelector/DataSelector.tsx": {"lines":{"total":207,"covered":198,"skipped":0,"pct":95.65},"functions":{"total":8,"covered":5,"skipped":0,"pct":62.5},"statements":{"total":207,"covered":198,"skipped":0,"pct":95.65},"branches":{"total":23,"covered":19,"skipped":0,"pct":82.6}}
,"/workspaces/BloodHound/cmd/ui/src/views/QA/DataSelector/index.tsx": {"lines":{"total":19,"covered":19,"skipped":0,"pct":100},"functions":{"total":0,"covered":0,"skipped":0,"pct":100},"statements":{"total":19,"covered":19,"skipped":0,"pct":100},"branches":{"total":0,"covered":0,"skipped":0,"pct":100}}
,"/workspaces/BloodHound/cmd/ui/src/views/QA/LoadContainer/LoadContainer.tsx": {"lines":{"total":69,"covered":58,"skipped":0,"pct":84.05},"functions":{"total":1,"covered":1,"skipped":0,"pct":100},"statements":{"total":69,"covered":58,"skipped":0,"pct":84.05},"branches":{"total":3,"covered":1,"skipped":0,"pct":33.33}}
,"/workspaces/BloodHound/cmd/ui/src/views/QA/LoadContainer/index.tsx": {"lines":{"total":19,"covered":19,"skipped":0,"pct":100},"functions":{"total":0,"covered":0,"skipped":0,"pct":100},"statements":{"total":19,"covered":19,"skipped":0,"pct":100},"branches":{"total":0,"covered":0,"skipped":0,"pct":100}}
,"/workspaces/BloodHound/cmd/ui/src/views/SAMLConfiguration/SAMLConfiguration.tsx": {"lines":{"total":127,"covered":106,"skipped":0,"pct":83.46},"functions":{"total":7,"covered":4,"skipped":0,"pct":57.14},"statements":{"total":127,"covered":106,"skipped":0,"pct":83.46},"branches":{"total":9,"covered":7,"skipped":0,"pct":77.77}}
,"/workspaces/BloodHound/cmd/ui/src/views/Users/CreateUserDialog.tsx": {"lines":{"total":58,"covered":58,"skipped":0,"pct":100},"functions":{"total":2,"covered":2,"skipped":0,"pct":100},"statements":{"total":58,"covered":58,"skipped":0,"pct":100},"branches":{"total":3,"covered":3,"skipped":0,"pct":100}}
,"/workspaces/BloodHound/cmd/ui/src/views/Users/CreateUserForm.tsx": {"lines":{"total":372,"covered":368,"skipped":0,"pct":98.92},"functions":{"total":13,"covered":11,"skipped":0,"pct":84.61},"statements":{"total":372,"covered":368,"skipped":0,"pct":98.92},"branches":{"total":32,"covered":29,"skipped":0,"pct":90.62}}
,"/workspaces/BloodHound/cmd/ui/src/views/Users/UpdateUserDialog.tsx": {"lines":{"total":66,"covered":66,"skipped":0,"pct":100},"functions":{"total":2,"covered":2,"skipped":0,"pct":100},"statements":{"total":66,"covered":66,"skipped":0,"pct":100},"branches":{"total":3,"covered":3,"skipped":0,"pct":100}}
,"/workspaces/BloodHound/cmd/ui/src/views/Users/UpdateUserForm.tsx": {"lines":{"total":373,"covered":351,"skipped":0,"pct":94.1},"functions":{"total":11,"covered":10,"skipped":0,"pct":90.9},"statements":{"total":373,"covered":351,"skipped":0,"pct":94.1},"branches":{"total":42,"covered":30,"skipped":0,"pct":71.42}}
}
