{"total": {"lines":{"total":27986,"covered":14740,"skipped":0,"pct":52.66},"statements":{"total":27986,"covered":14740,"skipped":0,"pct":52.66},"functions":{"total":480,"covered":68,"skipped":0,"pct":14.16},"branches":{"total":222,"covered":200,"skipped":0,"pct":90.09},"branchesTrue":{"total":0,"covered":0,"skipped":0,"pct":100}}
,"/workspaces/BloodHound/packages/javascript/bh-shared-ui/src/commonSearches.tsx": {"lines":{"total":211,"covered":211,"skipped":0,"pct":100},"functions":{"total":0,"covered":0,"skipped":0,"pct":100},"statements":{"total":211,"covered":211,"skipped":0,"pct":100},"branches":{"total":0,"covered":0,"skipped":0,"pct":100}}
,"/workspaces/BloodHound/packages/javascript/bh-shared-ui/src/graphSchema.ts": {"lines":{"total":723,"covered":307,"skipped":0,"pct":42.46},"functions":{"total":10,"covered":2,"skipped":0,"pct":20},"statements":{"total":723,"covered":307,"skipped":0,"pct":42.46},"branches":{"total":10,"covered":10,"skipped":0,"pct":100}}
,"/workspaces/BloodHound/packages/javascript/bh-shared-ui/src/index.ts": {"lines":{"total":38,"covered":38,"skipped":0,"pct":100},"functions":{"total":0,"covered":0,"skipped":0,"pct":100},"statements":{"total":38,"covered":38,"skipped":0,"pct":100},"branches":{"total":0,"covered":0,"skipped":0,"pct":100}}
,"/workspaces/BloodHound/packages/javascript/bh-shared-ui/src/test-utils.jsx": {"lines":{"total":82,"covered":82,"skipped":0,"pct":100},"functions":{"total":2,"covered":2,"skipped":0,"pct":100},"statements":{"total":82,"covered":82,"skipped":0,"pct":100},"branches":{"total":2,"covered":2,"skipped":0,"pct":100}}
,"/workspaces/BloodHound/packages/javascript/bh-shared-ui/src/components/AppNotifications.tsx": {"lines":{"total":61,"covered":25,"skipped":0,"pct":40.98},"functions":{"total":1,"covered":0,"skipped":0,"pct":0},"statements":{"total":61,"covered":25,"skipped":0,"pct":40.98},"branches":{"total":0,"covered":0,"skipped":0,"pct":100}}
,"/workspaces/BloodHound/packages/javascript/bh-shared-ui/src/components/ConfirmationDialog.tsx": {"lines":{"total":76,"covered":37,"skipped":0,"pct":48.68},"functions":{"total":1,"covered":0,"skipped":0,"pct":0},"statements":{"total":76,"covered":37,"skipped":0,"pct":48.68},"branches":{"total":0,"covered":0,"skipped":0,"pct":100}}
,"/workspaces/BloodHound/packages/javascript/bh-shared-ui/src/components/DataTable.tsx": {"lines":{"total":96,"covered":42,"skipped":0,"pct":43.75},"functions":{"total":1,"covered":0,"skipped":0,"pct":0},"statements":{"total":96,"covered":42,"skipped":0,"pct":43.75},"branches":{"total":0,"covered":0,"skipped":0,"pct":100}}
,"/workspaces/BloodHound/packages/javascript/bh-shared-ui/src/components/GraphProgress.tsx": {"lines":{"total":51,"covered":41,"skipped":0,"pct":80.39},"functions":{"total":1,"covered":0,"skipped":0,"pct":0},"statements":{"total":51,"covered":41,"skipped":0,"pct":80.39},"branches":{"total":0,"covered":0,"skipped":0,"pct":100}}
,"/workspaces/BloodHound/packages/javascript/bh-shared-ui/src/components/Icon.tsx": {"lines":{"total":104,"covered":53,"skipped":0,"pct":50.96},"functions":{"total":3,"covered":0,"skipped":0,"pct":0},"statements":{"total":104,"covered":53,"skipped":0,"pct":50.96},"branches":{"total":0,"covered":0,"skipped":0,"pct":100}}
,"/workspaces/BloodHound/packages/javascript/bh-shared-ui/src/components/LoadingOverlay.tsx": {"lines":{"total":42,"covered":24,"skipped":0,"pct":57.14},"functions":{"total":1,"covered":0,"skipped":0,"pct":0},"statements":{"total":42,"covered":24,"skipped":0,"pct":57.14},"branches":{"total":0,"covered":0,"skipped":0,"pct":100}}
,"/workspaces/BloodHound/packages/javascript/bh-shared-ui/src/components/MenuItem.tsx": {"lines":{"total":78,"covered":34,"skipped":0,"pct":43.58},"functions":{"total":1,"covered":0,"skipped":0,"pct":0},"statements":{"total":78,"covered":34,"skipped":0,"pct":43.58},"branches":{"total":0,"covered":0,"skipped":0,"pct":100}}
,"/workspaces/BloodHound/packages/javascript/bh-shared-ui/src/components/PageWithTitle.tsx": {"lines":{"total":40,"covered":40,"skipped":0,"pct":100},"functions":{"total":1,"covered":1,"skipped":0,"pct":100},"statements":{"total":40,"covered":40,"skipped":0,"pct":100},"branches":{"total":1,"covered":1,"skipped":0,"pct":100}}
,"/workspaces/BloodHound/packages/javascript/bh-shared-ui/src/components/RemoteContent.tsx": {"lines":{"total":164,"covered":32,"skipped":0,"pct":19.51},"functions":{"total":2,"covered":0,"skipped":0,"pct":0},"statements":{"total":164,"covered":32,"skipped":0,"pct":19.51},"branches":{"total":0,"covered":0,"skipped":0,"pct":100}}
,"/workspaces/BloodHound/packages/javascript/bh-shared-ui/src/components/SetupKeyDialog.tsx": {"lines":{"total":51,"covered":51,"skipped":0,"pct":100},"functions":{"total":1,"covered":1,"skipped":0,"pct":100},"statements":{"total":51,"covered":51,"skipped":0,"pct":100},"branches":{"total":1,"covered":1,"skipped":0,"pct":100}}
,"/workspaces/BloodHound/packages/javascript/bh-shared-ui/src/components/TextWithFallback.tsx": {"lines":{"total":25,"covered":25,"skipped":0,"pct":100},"functions":{"total":1,"covered":1,"skipped":0,"pct":100},"statements":{"total":25,"covered":25,"skipped":0,"pct":100},"branches":{"total":2,"covered":1,"skipped":0,"pct":50}}
,"/workspaces/BloodHound/packages/javascript/bh-shared-ui/src/components/index.ts": {"lines":{"total":124,"covered":124,"skipped":0,"pct":100},"functions":{"total":0,"covered":0,"skipped":0,"pct":100},"statements":{"total":124,"covered":124,"skipped":0,"pct":100},"branches":{"total":0,"covered":0,"skipped":0,"pct":100}}
,"/workspaces/BloodHound/packages/javascript/bh-shared-ui/src/components/CheckboxGroup/CheckboxGroup.tsx": {"lines":{"total":65,"covered":65,"skipped":0,"pct":100},"functions":{"total":1,"covered":1,"skipped":0,"pct":100},"statements":{"total":65,"covered":65,"skipped":0,"pct":100},"branches":{"total":3,"covered":3,"skipped":0,"pct":100}}
,"/workspaces/BloodHound/packages/javascript/bh-shared-ui/src/components/CheckboxGroup/index.tsx": {"lines":{"total":19,"covered":19,"skipped":0,"pct":100},"functions":{"total":0,"covered":0,"skipped":0,"pct":100},"statements":{"total":19,"covered":19,"skipped":0,"pct":100},"branches":{"total":0,"covered":0,"skipped":0,"pct":100}}
,"/workspaces/BloodHound/packages/javascript/bh-shared-ui/src/components/CollectorCard/CollectorCard.tsx": {"lines":{"total":97,"covered":40,"skipped":0,"pct":41.23},"functions":{"total":2,"covered":0,"skipped":0,"pct":0},"statements":{"total":97,"covered":40,"skipped":0,"pct":41.23},"branches":{"total":0,"covered":0,"skipped":0,"pct":100}}
,"/workspaces/BloodHound/packages/javascript/bh-shared-ui/src/components/CollectorCard/index.ts": {"lines":{"total":18,"covered":18,"skipped":0,"pct":100},"functions":{"total":0,"covered":0,"skipped":0,"pct":100},"statements":{"total":18,"covered":18,"skipped":0,"pct":100},"branches":{"total":0,"covered":0,"skipped":0,"pct":100}}
,"/workspaces/BloodHound/packages/javascript/bh-shared-ui/src/components/CollectorCardList/CollectorCardList.tsx": {"lines":{"total":54,"covered":34,"skipped":0,"pct":62.96},"functions":{"total":1,"covered":0,"skipped":0,"pct":0},"statements":{"total":54,"covered":34,"skipped":0,"pct":62.96},"branches":{"total":0,"covered":0,"skipped":0,"pct":100}}
,"/workspaces/BloodHound/packages/javascript/bh-shared-ui/src/components/CollectorCardList/index.ts": {"lines":{"total":19,"covered":19,"skipped":0,"pct":100},"functions":{"total":0,"covered":0,"skipped":0,"pct":100},"statements":{"total":19,"covered":19,"skipped":0,"pct":100},"branches":{"total":0,"covered":0,"skipped":0,"pct":100}}
,"/workspaces/BloodHound/packages/javascript/bh-shared-ui/src/components/ContentPage/ContentPage.tsx": {"lines":{"total":45,"covered":45,"skipped":0,"pct":100},"functions":{"total":1,"covered":1,"skipped":0,"pct":100},"statements":{"total":45,"covered":45,"skipped":0,"pct":100},"branches":{"total":2,"covered":2,"skipped":0,"pct":100}}
,"/workspaces/BloodHound/packages/javascript/bh-shared-ui/src/components/ContentPage/index.ts": {"lines":{"total":18,"covered":18,"skipped":0,"pct":100},"functions":{"total":0,"covered":0,"skipped":0,"pct":100},"statements":{"total":18,"covered":18,"skipped":0,"pct":100},"branches":{"total":0,"covered":0,"skipped":0,"pct":100}}
,"/workspaces/BloodHound/packages/javascript/bh-shared-ui/src/components/CreateSAMLProviderDialog/CreateSAMLProviderDialog.tsx": {"lines":{"total":43,"covered":28,"skipped":0,"pct":65.11},"functions":{"total":1,"covered":0,"skipped":0,"pct":0},"statements":{"total":43,"covered":28,"skipped":0,"pct":65.11},"branches":{"total":0,"covered":0,"skipped":0,"pct":100}}
,"/workspaces/BloodHound/packages/javascript/bh-shared-ui/src/components/CreateSAMLProviderDialog/index.ts": {"lines":{"total":18,"covered":18,"skipped":0,"pct":100},"functions":{"total":0,"covered":0,"skipped":0,"pct":100},"statements":{"total":18,"covered":18,"skipped":0,"pct":100},"branches":{"total":0,"covered":0,"skipped":0,"pct":100}}
,"/workspaces/BloodHound/packages/javascript/bh-shared-ui/src/components/CreateSAMLProviderForm/CreateSAMLProviderForm.tsx": {"lines":{"total":159,"covered":156,"skipped":0,"pct":98.11},"functions":{"total":5,"covered":5,"skipped":0,"pct":100},"statements":{"total":159,"covered":156,"skipped":0,"pct":98.11},"branches":{"total":13,"covered":12,"skipped":0,"pct":92.3}}
,"/workspaces/BloodHound/packages/javascript/bh-shared-ui/src/components/CreateSAMLProviderForm/index.ts": {"lines":{"total":18,"covered":18,"skipped":0,"pct":100},"functions":{"total":0,"covered":0,"skipped":0,"pct":100},"statements":{"total":18,"covered":18,"skipped":0,"pct":100},"branches":{"total":0,"covered":0,"skipped":0,"pct":100}}
,"/workspaces/BloodHound/packages/javascript/bh-shared-ui/src/components/Disable2FADialog/Disable2FADialog.tsx": {"lines":{"total":70,"covered":70,"skipped":0,"pct":100},"functions":{"total":2,"covered":2,"skipped":0,"pct":100},"statements":{"total":70,"covered":70,"skipped":0,"pct":100},"branches":{"total":2,"covered":2,"skipped":0,"pct":100}}
,"/workspaces/BloodHound/packages/javascript/bh-shared-ui/src/components/Disable2FADialog/index.ts": {"lines":{"total":18,"covered":18,"skipped":0,"pct":100},"functions":{"total":0,"covered":0,"skipped":0,"pct":100},"statements":{"total":18,"covered":18,"skipped":0,"pct":100},"branches":{"total":0,"covered":0,"skipped":0,"pct":100}}
,"/workspaces/BloodHound/packages/javascript/bh-shared-ui/src/components/Enable2FADialog/Enable2FADialog.tsx": {"lines":{"total":243,"covered":228,"skipped":0,"pct":93.82},"functions":{"total":8,"covered":2,"skipped":0,"pct":25},"statements":{"total":243,"covered":228,"skipped":0,"pct":93.82},"branches":{"total":19,"covered":18,"skipped":0,"pct":94.73}}
,"/workspaces/BloodHound/packages/javascript/bh-shared-ui/src/components/Enable2FADialog/index.ts": {"lines":{"total":18,"covered":18,"skipped":0,"pct":100},"functions":{"total":0,"covered":0,"skipped":0,"pct":100},"statements":{"total":18,"covered":18,"skipped":0,"pct":100},"branches":{"total":0,"covered":0,"skipped":0,"pct":100}}
,"/workspaces/BloodHound/packages/javascript/bh-shared-ui/src/components/FileDrop/FileDrop.tsx": {"lines":{"total":100,"covered":26,"skipped":0,"pct":26},"functions":{"total":1,"covered":0,"skipped":0,"pct":0},"statements":{"total":100,"covered":26,"skipped":0,"pct":26},"branches":{"total":0,"covered":0,"skipped":0,"pct":100}}
,"/workspaces/BloodHound/packages/javascript/bh-shared-ui/src/components/FileDrop/index.ts": {"lines":{"total":18,"covered":18,"skipped":0,"pct":100},"functions":{"total":0,"covered":0,"skipped":0,"pct":100},"statements":{"total":18,"covered":18,"skipped":0,"pct":100},"branches":{"total":0,"covered":0,"skipped":0,"pct":100}}
,"/workspaces/BloodHound/packages/javascript/bh-shared-ui/src/components/FileStatusListItem/FileStatusListItem.tsx": {"lines":{"total":64,"covered":28,"skipped":0,"pct":43.75},"functions":{"total":1,"covered":0,"skipped":0,"pct":0},"statements":{"total":64,"covered":28,"skipped":0,"pct":43.75},"branches":{"total":0,"covered":0,"skipped":0,"pct":100}}
,"/workspaces/BloodHound/packages/javascript/bh-shared-ui/src/components/FileStatusListItem/index.ts": {"lines":{"total":19,"covered":19,"skipped":0,"pct":100},"functions":{"total":0,"covered":0,"skipped":0,"pct":100},"statements":{"total":19,"covered":19,"skipped":0,"pct":100},"branches":{"total":0,"covered":0,"skipped":0,"pct":100}}
,"/workspaces/BloodHound/packages/javascript/bh-shared-ui/src/components/FileUploadDialog/FileUploadDialog.tsx": {"lines":{"total":161,"covered":40,"skipped":0,"pct":24.84},"functions":{"total":2,"covered":0,"skipped":0,"pct":0},"statements":{"total":161,"covered":40,"skipped":0,"pct":24.84},"branches":{"total":0,"covered":0,"skipped":0,"pct":100}}
,"/workspaces/BloodHound/packages/javascript/bh-shared-ui/src/components/FileUploadDialog/index.ts": {"lines":{"total":19,"covered":19,"skipped":0,"pct":100},"functions":{"total":0,"covered":0,"skipped":0,"pct":100},"statements":{"total":19,"covered":19,"skipped":0,"pct":100},"branches":{"total":0,"covered":0,"skipped":0,"pct":100}}
,"/workspaces/BloodHound/packages/javascript/bh-shared-ui/src/components/FileUploadDialog/types.ts": {"lines":{"total":34,"covered":34,"skipped":0,"pct":100},"functions":{"total":0,"covered":0,"skipped":0,"pct":100},"statements":{"total":34,"covered":34,"skipped":0,"pct":100},"branches":{"total":2,"covered":2,"skipped":0,"pct":100}}
,"/workspaces/BloodHound/packages/javascript/bh-shared-ui/src/components/FileValidationStatus/FileValidationStatus.tsx": {"lines":{"total":68,"covered":68,"skipped":0,"pct":100},"functions":{"total":1,"covered":1,"skipped":0,"pct":100},"statements":{"total":68,"covered":68,"skipped":0,"pct":100},"branches":{"total":7,"covered":6,"skipped":0,"pct":85.71}}
,"/workspaces/BloodHound/packages/javascript/bh-shared-ui/src/components/FileValidationStatus/index.ts": {"lines":{"total":18,"covered":18,"skipped":0,"pct":100},"functions":{"total":0,"covered":0,"skipped":0,"pct":100},"statements":{"total":18,"covered":18,"skipped":0,"pct":100},"branches":{"total":0,"covered":0,"skipped":0,"pct":100}}
,"/workspaces/BloodHound/packages/javascript/bh-shared-ui/src/components/FinishedIngestLog/FinishedIngestLog.tsx": {"lines":{"total":69,"covered":45,"skipped":0,"pct":65.21},"functions":{"total":1,"covered":0,"skipped":0,"pct":0},"statements":{"total":69,"covered":45,"skipped":0,"pct":65.21},"branches":{"total":0,"covered":0,"skipped":0,"pct":100}}
,"/workspaces/BloodHound/packages/javascript/bh-shared-ui/src/components/FinishedIngestLog/index.ts": {"lines":{"total":19,"covered":19,"skipped":0,"pct":100},"functions":{"total":0,"covered":0,"skipped":0,"pct":100},"statements":{"total":19,"covered":19,"skipped":0,"pct":100},"branches":{"total":0,"covered":0,"skipped":0,"pct":100}}
,"/workspaces/BloodHound/packages/javascript/bh-shared-ui/src/components/FinishedIngestLog/types.ts": {"lines":{"total":47,"covered":47,"skipped":0,"pct":100},"functions":{"total":0,"covered":0,"skipped":0,"pct":100},"statements":{"total":47,"covered":47,"skipped":0,"pct":100},"branches":{"total":1,"covered":1,"skipped":0,"pct":100}}
,"/workspaces/BloodHound/packages/javascript/bh-shared-ui/src/components/GenericErrorBoundaryFallback/GenericErrorBoundaryFallback.tsx": {"lines":{"total":33,"covered":22,"skipped":0,"pct":66.66},"functions":{"total":1,"covered":0,"skipped":0,"pct":0},"statements":{"total":33,"covered":22,"skipped":0,"pct":66.66},"branches":{"total":0,"covered":0,"skipped":0,"pct":100}}
,"/workspaces/BloodHound/packages/javascript/bh-shared-ui/src/components/GenericErrorBoundaryFallback/index.ts": {"lines":{"total":18,"covered":18,"skipped":0,"pct":100},"functions":{"total":0,"covered":0,"skipped":0,"pct":100},"statements":{"total":18,"covered":18,"skipped":0,"pct":100},"branches":{"total":0,"covered":0,"skipped":0,"pct":100}}
,"/workspaces/BloodHound/packages/javascript/bh-shared-ui/src/components/GraphButton/GraphButton.tsx": {"lines":{"total":59,"covered":59,"skipped":0,"pct":100},"functions":{"total":1,"covered":1,"skipped":0,"pct":100},"statements":{"total":59,"covered":59,"skipped":0,"pct":100},"branches":{"total":2,"covered":2,"skipped":0,"pct":100}}
,"/workspaces/BloodHound/packages/javascript/bh-shared-ui/src/components/GraphButton/index.tsx": {"lines":{"total":18,"covered":18,"skipped":0,"pct":100},"functions":{"total":0,"covered":0,"skipped":0,"pct":100},"statements":{"total":18,"covered":18,"skipped":0,"pct":100},"branches":{"total":0,"covered":0,"skipped":0,"pct":100}}
,"/workspaces/BloodHound/packages/javascript/bh-shared-ui/src/components/GraphMenu/GraphMenu.tsx": {"lines":{"total":62,"covered":23,"skipped":0,"pct":37.09},"functions":{"total":1,"covered":0,"skipped":0,"pct":0},"statements":{"total":62,"covered":23,"skipped":0,"pct":37.09},"branches":{"total":0,"covered":0,"skipped":0,"pct":100}}
,"/workspaces/BloodHound/packages/javascript/bh-shared-ui/src/components/GraphMenu/index.ts": {"lines":{"total":19,"covered":19,"skipped":0,"pct":100},"functions":{"total":0,"covered":0,"skipped":0,"pct":100},"statements":{"total":19,"covered":19,"skipped":0,"pct":100},"branches":{"total":0,"covered":0,"skipped":0,"pct":100}}
,"/workspaces/BloodHound/packages/javascript/bh-shared-ui/src/components/HelpTexts/index.tsx": {"lines":{"total":178,"covered":178,"skipped":0,"pct":100},"functions":{"total":0,"covered":0,"skipped":0,"pct":100},"statements":{"total":178,"covered":178,"skipped":0,"pct":100},"branches":{"total":0,"covered":0,"skipped":0,"pct":100}}
,"/workspaces/BloodHound/packages/javascript/bh-shared-ui/src/components/HelpTexts/utils.ts": {"lines":{"total":33,"covered":19,"skipped":0,"pct":57.57},"functions":{"total":2,"covered":0,"skipped":0,"pct":0},"statements":{"total":33,"covered":19,"skipped":0,"pct":57.57},"branches":{"total":0,"covered":0,"skipped":0,"pct":100}}
,"/workspaces/BloodHound/packages/javascript/bh-shared-ui/src/components/HelpTexts/AZAKSContributor/AZAKSContributor.tsx": {"lines":{"total":29,"covered":29,"skipped":0,"pct":100},"functions":{"total":0,"covered":0,"skipped":0,"pct":100},"statements":{"total":29,"covered":29,"skipped":0,"pct":100},"branches":{"total":0,"covered":0,"skipped":0,"pct":100}}
,"/workspaces/BloodHound/packages/javascript/bh-shared-ui/src/components/HelpTexts/AZAKSContributor/Abuse.tsx": {"lines":{"total":73,"covered":22,"skipped":0,"pct":30.13},"functions":{"total":1,"covered":0,"skipped":0,"pct":0},"statements":{"total":73,"covered":22,"skipped":0,"pct":30.13},"branches":{"total":0,"covered":0,"skipped":0,"pct":100}}
,"/workspaces/BloodHound/packages/javascript/bh-shared-ui/src/components/HelpTexts/AZAKSContributor/General.tsx": {"lines":{"total":30,"covered":22,"skipped":0,"pct":73.33},"functions":{"total":1,"covered":0,"skipped":0,"pct":0},"statements":{"total":30,"covered":22,"skipped":0,"pct":73.33},"branches":{"total":0,"covered":0,"skipped":0,"pct":100}}
,"/workspaces/BloodHound/packages/javascript/bh-shared-ui/src/components/HelpTexts/AZAKSContributor/Opsec.tsx": {"lines":{"total":29,"covered":22,"skipped":0,"pct":75.86},"functions":{"total":1,"covered":0,"skipped":0,"pct":0},"statements":{"total":29,"covered":22,"skipped":0,"pct":75.86},"branches":{"total":0,"covered":0,"skipped":0,"pct":100}}
,"/workspaces/BloodHound/packages/javascript/bh-shared-ui/src/components/HelpTexts/AZAKSContributor/References.tsx": {"lines":{"total":37,"covered":22,"skipped":0,"pct":59.45},"functions":{"total":1,"covered":0,"skipped":0,"pct":0},"statements":{"total":37,"covered":22,"skipped":0,"pct":59.45},"branches":{"total":0,"covered":0,"skipped":0,"pct":100}}
,"/workspaces/BloodHound/packages/javascript/bh-shared-ui/src/components/HelpTexts/AZAddMembers/AZAddMembers.tsx": {"lines":{"total":29,"covered":29,"skipped":0,"pct":100},"functions":{"total":0,"covered":0,"skipped":0,"pct":100},"statements":{"total":29,"covered":29,"skipped":0,"pct":100},"branches":{"total":0,"covered":0,"skipped":0,"pct":100}}
,"/workspaces/BloodHound/packages/javascript/bh-shared-ui/src/components/HelpTexts/AZAddMembers/Abuse.tsx": {"lines":{"total":56,"covered":22,"skipped":0,"pct":39.28},"functions":{"total":1,"covered":0,"skipped":0,"pct":0},"statements":{"total":56,"covered":22,"skipped":0,"pct":39.28},"branches":{"total":0,"covered":0,"skipped":0,"pct":100}}
,"/workspaces/BloodHound/packages/javascript/bh-shared-ui/src/components/HelpTexts/AZAddMembers/General.tsx": {"lines":{"total":24,"covered":22,"skipped":0,"pct":91.66},"functions":{"total":1,"covered":0,"skipped":0,"pct":0},"statements":{"total":24,"covered":22,"skipped":0,"pct":91.66},"branches":{"total":0,"covered":0,"skipped":0,"pct":100}}
,"/workspaces/BloodHound/packages/javascript/bh-shared-ui/src/components/HelpTexts/AZAddMembers/Opsec.tsx": {"lines":{"total":29,"covered":22,"skipped":0,"pct":75.86},"functions":{"total":1,"covered":0,"skipped":0,"pct":0},"statements":{"total":29,"covered":22,"skipped":0,"pct":75.86},"branches":{"total":0,"covered":0,"skipped":0,"pct":100}}
,"/workspaces/BloodHound/packages/javascript/bh-shared-ui/src/components/HelpTexts/AZAddMembers/References.tsx": {"lines":{"total":40,"covered":22,"skipped":0,"pct":55},"functions":{"total":1,"covered":0,"skipped":0,"pct":0},"statements":{"total":40,"covered":22,"skipped":0,"pct":55},"branches":{"total":0,"covered":0,"skipped":0,"pct":100}}
,"/workspaces/BloodHound/packages/javascript/bh-shared-ui/src/components/HelpTexts/AZAddOwner/AZAddOwner.tsx": {"lines":{"total":29,"covered":29,"skipped":0,"pct":100},"functions":{"total":0,"covered":0,"skipped":0,"pct":100},"statements":{"total":29,"covered":29,"skipped":0,"pct":100},"branches":{"total":0,"covered":0,"skipped":0,"pct":100}}
,"/workspaces/BloodHound/packages/javascript/bh-shared-ui/src/components/HelpTexts/AZAddOwner/Abuse.tsx": {"lines":{"total":66,"covered":22,"skipped":0,"pct":33.33},"functions":{"total":1,"covered":0,"skipped":0,"pct":0},"statements":{"total":66,"covered":22,"skipped":0,"pct":33.33},"branches":{"total":0,"covered":0,"skipped":0,"pct":100}}
,"/workspaces/BloodHound/packages/javascript/bh-shared-ui/src/components/HelpTexts/AZAddOwner/General.tsx": {"lines":{"total":54,"covered":22,"skipped":0,"pct":40.74},"functions":{"total":1,"covered":0,"skipped":0,"pct":0},"statements":{"total":54,"covered":22,"skipped":0,"pct":40.74},"branches":{"total":0,"covered":0,"skipped":0,"pct":100}}
,"/workspaces/BloodHound/packages/javascript/bh-shared-ui/src/components/HelpTexts/AZAddOwner/Opsec.tsx": {"lines":{"total":31,"covered":22,"skipped":0,"pct":70.96},"functions":{"total":1,"covered":0,"skipped":0,"pct":0},"statements":{"total":31,"covered":22,"skipped":0,"pct":70.96},"branches":{"total":0,"covered":0,"skipped":0,"pct":100}}
,"/workspaces/BloodHound/packages/javascript/bh-shared-ui/src/components/HelpTexts/AZAddOwner/References.tsx": {"lines":{"total":41,"covered":22,"skipped":0,"pct":53.65},"functions":{"total":1,"covered":0,"skipped":0,"pct":0},"statements":{"total":41,"covered":22,"skipped":0,"pct":53.65},"branches":{"total":0,"covered":0,"skipped":0,"pct":100}}
,"/workspaces/BloodHound/packages/javascript/bh-shared-ui/src/components/HelpTexts/AZAddSecret/AZAddSecret.tsx": {"lines":{"total":29,"covered":29,"skipped":0,"pct":100},"functions":{"total":0,"covered":0,"skipped":0,"pct":100},"statements":{"total":29,"covered":29,"skipped":0,"pct":100},"branches":{"total":0,"covered":0,"skipped":0,"pct":100}}
,"/workspaces/BloodHound/packages/javascript/bh-shared-ui/src/components/HelpTexts/AZAddSecret/Abuse.tsx": {"lines":{"total":80,"covered":22,"skipped":0,"pct":27.5},"functions":{"total":1,"covered":0,"skipped":0,"pct":0},"statements":{"total":80,"covered":22,"skipped":0,"pct":27.5},"branches":{"total":0,"covered":0,"skipped":0,"pct":100}}
,"/workspaces/BloodHound/packages/javascript/bh-shared-ui/src/components/HelpTexts/AZAddSecret/General.tsx": {"lines":{"total":38,"covered":22,"skipped":0,"pct":57.89},"functions":{"total":1,"covered":0,"skipped":0,"pct":0},"statements":{"total":38,"covered":22,"skipped":0,"pct":57.89},"branches":{"total":0,"covered":0,"skipped":0,"pct":100}}
,"/workspaces/BloodHound/packages/javascript/bh-shared-ui/src/components/HelpTexts/AZAddSecret/Opsec.tsx": {"lines":{"total":32,"covered":22,"skipped":0,"pct":68.75},"functions":{"total":1,"covered":0,"skipped":0,"pct":0},"statements":{"total":32,"covered":22,"skipped":0,"pct":68.75},"branches":{"total":0,"covered":0,"skipped":0,"pct":100}}
,"/workspaces/BloodHound/packages/javascript/bh-shared-ui/src/components/HelpTexts/AZAddSecret/References.tsx": {"lines":{"total":44,"covered":22,"skipped":0,"pct":50},"functions":{"total":1,"covered":0,"skipped":0,"pct":0},"statements":{"total":44,"covered":22,"skipped":0,"pct":50},"branches":{"total":0,"covered":0,"skipped":0,"pct":100}}
,"/workspaces/BloodHound/packages/javascript/bh-shared-ui/src/components/HelpTexts/AZAppAdmin/AZAppAdmin.tsx": {"lines":{"total":29,"covered":29,"skipped":0,"pct":100},"functions":{"total":0,"covered":0,"skipped":0,"pct":100},"statements":{"total":29,"covered":29,"skipped":0,"pct":100},"branches":{"total":0,"covered":0,"skipped":0,"pct":100}}
,"/workspaces/BloodHound/packages/javascript/bh-shared-ui/src/components/HelpTexts/AZAppAdmin/Abuse.tsx": {"lines":{"total":29,"covered":22,"skipped":0,"pct":75.86},"functions":{"total":1,"covered":0,"skipped":0,"pct":0},"statements":{"total":29,"covered":22,"skipped":0,"pct":75.86},"branches":{"total":0,"covered":0,"skipped":0,"pct":100}}
,"/workspaces/BloodHound/packages/javascript/bh-shared-ui/src/components/HelpTexts/AZAppAdmin/General.tsx": {"lines":{"total":28,"covered":22,"skipped":0,"pct":78.57},"functions":{"total":1,"covered":0,"skipped":0,"pct":0},"statements":{"total":28,"covered":22,"skipped":0,"pct":78.57},"branches":{"total":0,"covered":0,"skipped":0,"pct":100}}
,"/workspaces/BloodHound/packages/javascript/bh-shared-ui/src/components/HelpTexts/AZAppAdmin/Opsec.tsx": {"lines":{"total":28,"covered":22,"skipped":0,"pct":78.57},"functions":{"total":1,"covered":0,"skipped":0,"pct":0},"statements":{"total":28,"covered":22,"skipped":0,"pct":78.57},"branches":{"total":0,"covered":0,"skipped":0,"pct":100}}
,"/workspaces/BloodHound/packages/javascript/bh-shared-ui/src/components/HelpTexts/AZAppAdmin/References.tsx": {"lines":{"total":33,"covered":22,"skipped":0,"pct":66.66},"functions":{"total":1,"covered":0,"skipped":0,"pct":0},"statements":{"total":33,"covered":22,"skipped":0,"pct":66.66},"branches":{"total":0,"covered":0,"skipped":0,"pct":100}}
,"/workspaces/BloodHound/packages/javascript/bh-shared-ui/src/components/HelpTexts/AZAutomationContributor/AZAutomationContributor.tsx": {"lines":{"total":29,"covered":29,"skipped":0,"pct":100},"functions":{"total":0,"covered":0,"skipped":0,"pct":100},"statements":{"total":29,"covered":29,"skipped":0,"pct":100},"branches":{"total":0,"covered":0,"skipped":0,"pct":100}}
,"/workspaces/BloodHound/packages/javascript/bh-shared-ui/src/components/HelpTexts/AZAutomationContributor/Abuse.tsx": {"lines":{"total":84,"covered":22,"skipped":0,"pct":26.19},"functions":{"total":1,"covered":0,"skipped":0,"pct":0},"statements":{"total":84,"covered":22,"skipped":0,"pct":26.19},"branches":{"total":0,"covered":0,"skipped":0,"pct":100}}
,"/workspaces/BloodHound/packages/javascript/bh-shared-ui/src/components/HelpTexts/AZAutomationContributor/General.tsx": {"lines":{"total":29,"covered":22,"skipped":0,"pct":75.86},"functions":{"total":1,"covered":0,"skipped":0,"pct":0},"statements":{"total":29,"covered":22,"skipped":0,"pct":75.86},"branches":{"total":0,"covered":0,"skipped":0,"pct":100}}
,"/workspaces/BloodHound/packages/javascript/bh-shared-ui/src/components/HelpTexts/AZAutomationContributor/Opsec.tsx": {"lines":{"total":29,"covered":22,"skipped":0,"pct":75.86},"functions":{"total":1,"covered":0,"skipped":0,"pct":0},"statements":{"total":29,"covered":22,"skipped":0,"pct":75.86},"branches":{"total":0,"covered":0,"skipped":0,"pct":100}}
,"/workspaces/BloodHound/packages/javascript/bh-shared-ui/src/components/HelpTexts/AZAutomationContributor/References.tsx": {"lines":{"total":37,"covered":22,"skipped":0,"pct":59.45},"functions":{"total":1,"covered":0,"skipped":0,"pct":0},"statements":{"total":37,"covered":22,"skipped":0,"pct":59.45},"branches":{"total":0,"covered":0,"skipped":0,"pct":100}}
,"/workspaces/BloodHound/packages/javascript/bh-shared-ui/src/components/HelpTexts/AZAvereContributor/AZAvereContributor.tsx": {"lines":{"total":29,"covered":29,"skipped":0,"pct":100},"functions":{"total":0,"covered":0,"skipped":0,"pct":100},"statements":{"total":29,"covered":29,"skipped":0,"pct":100},"branches":{"total":0,"covered":0,"skipped":0,"pct":100}}
,"/workspaces/BloodHound/packages/javascript/bh-shared-ui/src/components/HelpTexts/AZAvereContributor/Abuse.tsx": {"lines":{"total":46,"covered":22,"skipped":0,"pct":47.82},"functions":{"total":1,"covered":0,"skipped":0,"pct":0},"statements":{"total":46,"covered":22,"skipped":0,"pct":47.82},"branches":{"total":0,"covered":0,"skipped":0,"pct":100}}
,"/workspaces/BloodHound/packages/javascript/bh-shared-ui/src/components/HelpTexts/AZAvereContributor/General.tsx": {"lines":{"total":29,"covered":22,"skipped":0,"pct":75.86},"functions":{"total":1,"covered":0,"skipped":0,"pct":0},"statements":{"total":29,"covered":22,"skipped":0,"pct":75.86},"branches":{"total":0,"covered":0,"skipped":0,"pct":100}}
,"/workspaces/BloodHound/packages/javascript/bh-shared-ui/src/components/HelpTexts/AZAvereContributor/Opsec.tsx": {"lines":{"total":30,"covered":22,"skipped":0,"pct":73.33},"functions":{"total":1,"covered":0,"skipped":0,"pct":0},"statements":{"total":30,"covered":22,"skipped":0,"pct":73.33},"branches":{"total":0,"covered":0,"skipped":0,"pct":100}}
,"/workspaces/BloodHound/packages/javascript/bh-shared-ui/src/components/HelpTexts/AZAvereContributor/References.tsx": {"lines":{"total":41,"covered":22,"skipped":0,"pct":53.65},"functions":{"total":1,"covered":0,"skipped":0,"pct":0},"statements":{"total":41,"covered":22,"skipped":0,"pct":53.65},"branches":{"total":0,"covered":0,"skipped":0,"pct":100}}
,"/workspaces/BloodHound/packages/javascript/bh-shared-ui/src/components/HelpTexts/AZCloudAppAdmin/AZCloudAppAdmin.tsx": {"lines":{"total":29,"covered":29,"skipped":0,"pct":100},"functions":{"total":0,"covered":0,"skipped":0,"pct":100},"statements":{"total":29,"covered":29,"skipped":0,"pct":100},"branches":{"total":0,"covered":0,"skipped":0,"pct":100}}
,"/workspaces/BloodHound/packages/javascript/bh-shared-ui/src/components/HelpTexts/AZCloudAppAdmin/Abuse.tsx": {"lines":{"total":29,"covered":22,"skipped":0,"pct":75.86},"functions":{"total":1,"covered":0,"skipped":0,"pct":0},"statements":{"total":29,"covered":22,"skipped":0,"pct":75.86},"branches":{"total":0,"covered":0,"skipped":0,"pct":100}}
,"/workspaces/BloodHound/packages/javascript/bh-shared-ui/src/components/HelpTexts/AZCloudAppAdmin/General.tsx": {"lines":{"total":28,"covered":22,"skipped":0,"pct":78.57},"functions":{"total":1,"covered":0,"skipped":0,"pct":0},"statements":{"total":28,"covered":22,"skipped":0,"pct":78.57},"branches":{"total":0,"covered":0,"skipped":0,"pct":100}}
,"/workspaces/BloodHound/packages/javascript/bh-shared-ui/src/components/HelpTexts/AZCloudAppAdmin/Opsec.tsx": {"lines":{"total":28,"covered":22,"skipped":0,"pct":78.57},"functions":{"total":1,"covered":0,"skipped":0,"pct":0},"statements":{"total":28,"covered":22,"skipped":0,"pct":78.57},"branches":{"total":0,"covered":0,"skipped":0,"pct":100}}
,"/workspaces/BloodHound/packages/javascript/bh-shared-ui/src/components/HelpTexts/AZCloudAppAdmin/References.tsx": {"lines":{"total":33,"covered":22,"skipped":0,"pct":66.66},"functions":{"total":1,"covered":0,"skipped":0,"pct":0},"statements":{"total":33,"covered":22,"skipped":0,"pct":66.66},"branches":{"total":0,"covered":0,"skipped":0,"pct":100}}
,"/workspaces/BloodHound/packages/javascript/bh-shared-ui/src/components/HelpTexts/AZContains/AZContains.tsx": {"lines":{"total":29,"covered":29,"skipped":0,"pct":100},"functions":{"total":0,"covered":0,"skipped":0,"pct":100},"statements":{"total":29,"covered":29,"skipped":0,"pct":100},"branches":{"total":0,"covered":0,"skipped":0,"pct":100}}
,"/workspaces/BloodHound/packages/javascript/bh-shared-ui/src/components/HelpTexts/AZContains/Abuse.tsx": {"lines":{"total":28,"covered":22,"skipped":0,"pct":78.57},"functions":{"total":1,"covered":0,"skipped":0,"pct":0},"statements":{"total":28,"covered":22,"skipped":0,"pct":78.57},"branches":{"total":0,"covered":0,"skipped":0,"pct":100}}
,"/workspaces/BloodHound/packages/javascript/bh-shared-ui/src/components/HelpTexts/AZContains/General.tsx": {"lines":{"total":29,"covered":22,"skipped":0,"pct":75.86},"functions":{"total":1,"covered":0,"skipped":0,"pct":0},"statements":{"total":29,"covered":22,"skipped":0,"pct":75.86},"branches":{"total":0,"covered":0,"skipped":0,"pct":100}}
,"/workspaces/BloodHound/packages/javascript/bh-shared-ui/src/components/HelpTexts/AZContains/Opsec.tsx": {"lines":{"total":28,"covered":22,"skipped":0,"pct":78.57},"functions":{"total":1,"covered":0,"skipped":0,"pct":0},"statements":{"total":28,"covered":22,"skipped":0,"pct":78.57},"branches":{"total":0,"covered":0,"skipped":0,"pct":100}}
,"/workspaces/BloodHound/packages/javascript/bh-shared-ui/src/components/HelpTexts/AZContains/References.tsx": {"lines":{"total":24,"covered":22,"skipped":0,"pct":91.66},"functions":{"total":1,"covered":0,"skipped":0,"pct":0},"statements":{"total":24,"covered":22,"skipped":0,"pct":91.66},"branches":{"total":0,"covered":0,"skipped":0,"pct":100}}
,"/workspaces/BloodHound/packages/javascript/bh-shared-ui/src/components/HelpTexts/AZContributor/AZContributor.tsx": {"lines":{"total":29,"covered":29,"skipped":0,"pct":100},"functions":{"total":0,"covered":0,"skipped":0,"pct":100},"statements":{"total":29,"covered":29,"skipped":0,"pct":100},"branches":{"total":0,"covered":0,"skipped":0,"pct":100}}
,"/workspaces/BloodHound/packages/javascript/bh-shared-ui/src/components/HelpTexts/AZContributor/Abuse.tsx": {"lines":{"total":89,"covered":22,"skipped":0,"pct":24.71},"functions":{"total":1,"covered":0,"skipped":0,"pct":0},"statements":{"total":89,"covered":22,"skipped":0,"pct":24.71},"branches":{"total":0,"covered":0,"skipped":0,"pct":100}}
,"/workspaces/BloodHound/packages/javascript/bh-shared-ui/src/components/HelpTexts/AZContributor/General.tsx": {"lines":{"total":29,"covered":22,"skipped":0,"pct":75.86},"functions":{"total":1,"covered":0,"skipped":0,"pct":0},"statements":{"total":29,"covered":22,"skipped":0,"pct":75.86},"branches":{"total":0,"covered":0,"skipped":0,"pct":100}}
,"/workspaces/BloodHound/packages/javascript/bh-shared-ui/src/components/HelpTexts/AZContributor/Opsec.tsx": {"lines":{"total":29,"covered":22,"skipped":0,"pct":75.86},"functions":{"total":1,"covered":0,"skipped":0,"pct":0},"statements":{"total":29,"covered":22,"skipped":0,"pct":75.86},"branches":{"total":0,"covered":0,"skipped":0,"pct":100}}
,"/workspaces/BloodHound/packages/javascript/bh-shared-ui/src/components/HelpTexts/AZContributor/References.tsx": {"lines":{"total":45,"covered":22,"skipped":0,"pct":48.88},"functions":{"total":1,"covered":0,"skipped":0,"pct":0},"statements":{"total":45,"covered":22,"skipped":0,"pct":48.88},"branches":{"total":0,"covered":0,"skipped":0,"pct":100}}
,"/workspaces/BloodHound/packages/javascript/bh-shared-ui/src/components/HelpTexts/AZExecuteCommand/AZExecuteCommand.tsx": {"lines":{"total":29,"covered":29,"skipped":0,"pct":100},"functions":{"total":0,"covered":0,"skipped":0,"pct":100},"statements":{"total":29,"covered":29,"skipped":0,"pct":100},"branches":{"total":0,"covered":0,"skipped":0,"pct":100}}
,"/workspaces/BloodHound/packages/javascript/bh-shared-ui/src/components/HelpTexts/AZExecuteCommand/Abuse.tsx": {"lines":{"total":73,"covered":22,"skipped":0,"pct":30.13},"functions":{"total":1,"covered":0,"skipped":0,"pct":0},"statements":{"total":73,"covered":22,"skipped":0,"pct":30.13},"branches":{"total":0,"covered":0,"skipped":0,"pct":100}}
,"/workspaces/BloodHound/packages/javascript/bh-shared-ui/src/components/HelpTexts/AZExecuteCommand/General.tsx": {"lines":{"total":29,"covered":22,"skipped":0,"pct":75.86},"functions":{"total":1,"covered":0,"skipped":0,"pct":0},"statements":{"total":29,"covered":22,"skipped":0,"pct":75.86},"branches":{"total":0,"covered":0,"skipped":0,"pct":100}}
,"/workspaces/BloodHound/packages/javascript/bh-shared-ui/src/components/HelpTexts/AZExecuteCommand/Opsec.tsx": {"lines":{"total":49,"covered":22,"skipped":0,"pct":44.89},"functions":{"total":1,"covered":0,"skipped":0,"pct":0},"statements":{"total":49,"covered":22,"skipped":0,"pct":44.89},"branches":{"total":0,"covered":0,"skipped":0,"pct":100}}
,"/workspaces/BloodHound/packages/javascript/bh-shared-ui/src/components/HelpTexts/AZExecuteCommand/References.tsx": {"lines":{"total":37,"covered":22,"skipped":0,"pct":59.45},"functions":{"total":1,"covered":0,"skipped":0,"pct":0},"statements":{"total":37,"covered":22,"skipped":0,"pct":59.45},"branches":{"total":0,"covered":0,"skipped":0,"pct":100}}
,"/workspaces/BloodHound/packages/javascript/bh-shared-ui/src/components/HelpTexts/AZGetCertificates/AZGetCertificates.tsx": {"lines":{"total":29,"covered":29,"skipped":0,"pct":100},"functions":{"total":0,"covered":0,"skipped":0,"pct":100},"statements":{"total":29,"covered":29,"skipped":0,"pct":100},"branches":{"total":0,"covered":0,"skipped":0,"pct":100}}
,"/workspaces/BloodHound/packages/javascript/bh-shared-ui/src/components/HelpTexts/AZGetCertificates/Abuse.tsx": {"lines":{"total":44,"covered":22,"skipped":0,"pct":50},"functions":{"total":1,"covered":0,"skipped":0,"pct":0},"statements":{"total":44,"covered":22,"skipped":0,"pct":50},"branches":{"total":0,"covered":0,"skipped":0,"pct":100}}
,"/workspaces/BloodHound/packages/javascript/bh-shared-ui/src/components/HelpTexts/AZGetCertificates/General.tsx": {"lines":{"total":24,"covered":22,"skipped":0,"pct":91.66},"functions":{"total":1,"covered":0,"skipped":0,"pct":0},"statements":{"total":24,"covered":22,"skipped":0,"pct":91.66},"branches":{"total":0,"covered":0,"skipped":0,"pct":100}}
,"/workspaces/BloodHound/packages/javascript/bh-shared-ui/src/components/HelpTexts/AZGetCertificates/Opsec.tsx": {"lines":{"total":28,"covered":22,"skipped":0,"pct":78.57},"functions":{"total":1,"covered":0,"skipped":0,"pct":0},"statements":{"total":28,"covered":22,"skipped":0,"pct":78.57},"branches":{"total":0,"covered":0,"skipped":0,"pct":100}}
,"/workspaces/BloodHound/packages/javascript/bh-shared-ui/src/components/HelpTexts/AZGetCertificates/References.tsx": {"lines":{"total":37,"covered":22,"skipped":0,"pct":59.45},"functions":{"total":1,"covered":0,"skipped":0,"pct":0},"statements":{"total":37,"covered":22,"skipped":0,"pct":59.45},"branches":{"total":0,"covered":0,"skipped":0,"pct":100}}
,"/workspaces/BloodHound/packages/javascript/bh-shared-ui/src/components/HelpTexts/AZGetKeys/AZGetKeys.tsx": {"lines":{"total":29,"covered":29,"skipped":0,"pct":100},"functions":{"total":0,"covered":0,"skipped":0,"pct":100},"statements":{"total":29,"covered":29,"skipped":0,"pct":100},"branches":{"total":0,"covered":0,"skipped":0,"pct":100}}
,"/workspaces/BloodHound/packages/javascript/bh-shared-ui/src/components/HelpTexts/AZGetKeys/Abuse.tsx": {"lines":{"total":35,"covered":22,"skipped":0,"pct":62.85},"functions":{"total":1,"covered":0,"skipped":0,"pct":0},"statements":{"total":35,"covered":22,"skipped":0,"pct":62.85},"branches":{"total":0,"covered":0,"skipped":0,"pct":100}}
,"/workspaces/BloodHound/packages/javascript/bh-shared-ui/src/components/HelpTexts/AZGetKeys/General.tsx": {"lines":{"total":24,"covered":22,"skipped":0,"pct":91.66},"functions":{"total":1,"covered":0,"skipped":0,"pct":0},"statements":{"total":24,"covered":22,"skipped":0,"pct":91.66},"branches":{"total":0,"covered":0,"skipped":0,"pct":100}}
,"/workspaces/BloodHound/packages/javascript/bh-shared-ui/src/components/HelpTexts/AZGetKeys/Opsec.tsx": {"lines":{"total":28,"covered":22,"skipped":0,"pct":78.57},"functions":{"total":1,"covered":0,"skipped":0,"pct":0},"statements":{"total":28,"covered":22,"skipped":0,"pct":78.57},"branches":{"total":0,"covered":0,"skipped":0,"pct":100}}
,"/workspaces/BloodHound/packages/javascript/bh-shared-ui/src/components/HelpTexts/AZGetKeys/References.tsx": {"lines":{"total":37,"covered":22,"skipped":0,"pct":59.45},"functions":{"total":1,"covered":0,"skipped":0,"pct":0},"statements":{"total":37,"covered":22,"skipped":0,"pct":59.45},"branches":{"total":0,"covered":0,"skipped":0,"pct":100}}
,"/workspaces/BloodHound/packages/javascript/bh-shared-ui/src/components/HelpTexts/AZGetSecrets/AZGetSecrets.tsx": {"lines":{"total":29,"covered":29,"skipped":0,"pct":100},"functions":{"total":0,"covered":0,"skipped":0,"pct":100},"statements":{"total":29,"covered":29,"skipped":0,"pct":100},"branches":{"total":0,"covered":0,"skipped":0,"pct":100}}
,"/workspaces/BloodHound/packages/javascript/bh-shared-ui/src/components/HelpTexts/AZGetSecrets/Abuse.tsx": {"lines":{"total":35,"covered":22,"skipped":0,"pct":62.85},"functions":{"total":1,"covered":0,"skipped":0,"pct":0},"statements":{"total":35,"covered":22,"skipped":0,"pct":62.85},"branches":{"total":0,"covered":0,"skipped":0,"pct":100}}
,"/workspaces/BloodHound/packages/javascript/bh-shared-ui/src/components/HelpTexts/AZGetSecrets/General.tsx": {"lines":{"total":24,"covered":22,"skipped":0,"pct":91.66},"functions":{"total":1,"covered":0,"skipped":0,"pct":0},"statements":{"total":24,"covered":22,"skipped":0,"pct":91.66},"branches":{"total":0,"covered":0,"skipped":0,"pct":100}}
,"/workspaces/BloodHound/packages/javascript/bh-shared-ui/src/components/HelpTexts/AZGetSecrets/Opsec.tsx": {"lines":{"total":28,"covered":22,"skipped":0,"pct":78.57},"functions":{"total":1,"covered":0,"skipped":0,"pct":0},"statements":{"total":28,"covered":22,"skipped":0,"pct":78.57},"branches":{"total":0,"covered":0,"skipped":0,"pct":100}}
,"/workspaces/BloodHound/packages/javascript/bh-shared-ui/src/components/HelpTexts/AZGetSecrets/References.tsx": {"lines":{"total":37,"covered":22,"skipped":0,"pct":59.45},"functions":{"total":1,"covered":0,"skipped":0,"pct":0},"statements":{"total":37,"covered":22,"skipped":0,"pct":59.45},"branches":{"total":0,"covered":0,"skipped":0,"pct":100}}
,"/workspaces/BloodHound/packages/javascript/bh-shared-ui/src/components/HelpTexts/AZGlobalAdmin/AZGlobalAdmin.tsx": {"lines":{"total":29,"covered":29,"skipped":0,"pct":100},"functions":{"total":0,"covered":0,"skipped":0,"pct":100},"statements":{"total":29,"covered":29,"skipped":0,"pct":100},"branches":{"total":0,"covered":0,"skipped":0,"pct":100}}
,"/workspaces/BloodHound/packages/javascript/bh-shared-ui/src/components/HelpTexts/AZGlobalAdmin/Abuse.tsx": {"lines":{"total":46,"covered":21,"skipped":0,"pct":45.65},"functions":{"total":1,"covered":0,"skipped":0,"pct":0},"statements":{"total":46,"covered":21,"skipped":0,"pct":45.65},"branches":{"total":0,"covered":0,"skipped":0,"pct":100}}
,"/workspaces/BloodHound/packages/javascript/bh-shared-ui/src/components/HelpTexts/AZGlobalAdmin/General.tsx": {"lines":{"total":30,"covered":22,"skipped":0,"pct":73.33},"functions":{"total":1,"covered":0,"skipped":0,"pct":0},"statements":{"total":30,"covered":22,"skipped":0,"pct":73.33},"branches":{"total":0,"covered":0,"skipped":0,"pct":100}}
,"/workspaces/BloodHound/packages/javascript/bh-shared-ui/src/components/HelpTexts/AZGlobalAdmin/Opsec.tsx": {"lines":{"total":28,"covered":22,"skipped":0,"pct":78.57},"functions":{"total":1,"covered":0,"skipped":0,"pct":0},"statements":{"total":28,"covered":22,"skipped":0,"pct":78.57},"branches":{"total":0,"covered":0,"skipped":0,"pct":100}}
,"/workspaces/BloodHound/packages/javascript/bh-shared-ui/src/components/HelpTexts/AZGlobalAdmin/References.tsx": {"lines":{"total":30,"covered":22,"skipped":0,"pct":73.33},"functions":{"total":1,"covered":0,"skipped":0,"pct":0},"statements":{"total":30,"covered":22,"skipped":0,"pct":73.33},"branches":{"total":0,"covered":0,"skipped":0,"pct":100}}
,"/workspaces/BloodHound/packages/javascript/bh-shared-ui/src/components/HelpTexts/AZHasRole/AZHasRole.tsx": {"lines":{"total":29,"covered":29,"skipped":0,"pct":100},"functions":{"total":0,"covered":0,"skipped":0,"pct":100},"statements":{"total":29,"covered":29,"skipped":0,"pct":100},"branches":{"total":0,"covered":0,"skipped":0,"pct":100}}
,"/workspaces/BloodHound/packages/javascript/bh-shared-ui/src/components/HelpTexts/AZHasRole/Abuse.tsx": {"lines":{"total":31,"covered":22,"skipped":0,"pct":70.96},"functions":{"total":1,"covered":0,"skipped":0,"pct":0},"statements":{"total":31,"covered":22,"skipped":0,"pct":70.96},"branches":{"total":0,"covered":0,"skipped":0,"pct":100}}
,"/workspaces/BloodHound/packages/javascript/bh-shared-ui/src/components/HelpTexts/AZHasRole/General.tsx": {"lines":{"total":28,"covered":22,"skipped":0,"pct":78.57},"functions":{"total":1,"covered":0,"skipped":0,"pct":0},"statements":{"total":28,"covered":22,"skipped":0,"pct":78.57},"branches":{"total":0,"covered":0,"skipped":0,"pct":100}}
,"/workspaces/BloodHound/packages/javascript/bh-shared-ui/src/components/HelpTexts/AZHasRole/Opsec.tsx": {"lines":{"total":30,"covered":22,"skipped":0,"pct":73.33},"functions":{"total":1,"covered":0,"skipped":0,"pct":0},"statements":{"total":30,"covered":22,"skipped":0,"pct":73.33},"branches":{"total":0,"covered":0,"skipped":0,"pct":100}}
,"/workspaces/BloodHound/packages/javascript/bh-shared-ui/src/components/HelpTexts/AZHasRole/References.tsx": {"lines":{"total":37,"covered":22,"skipped":0,"pct":59.45},"functions":{"total":1,"covered":0,"skipped":0,"pct":0},"statements":{"total":37,"covered":22,"skipped":0,"pct":59.45},"branches":{"total":0,"covered":0,"skipped":0,"pct":100}}
,"/workspaces/BloodHound/packages/javascript/bh-shared-ui/src/components/HelpTexts/AZKeyVaultKVContributor/AZKeyVaultKVContributor.tsx": {"lines":{"total":29,"covered":29,"skipped":0,"pct":100},"functions":{"total":0,"covered":0,"skipped":0,"pct":100},"statements":{"total":29,"covered":29,"skipped":0,"pct":100},"branches":{"total":0,"covered":0,"skipped":0,"pct":100}}
,"/workspaces/BloodHound/packages/javascript/bh-shared-ui/src/components/HelpTexts/AZKeyVaultKVContributor/Abuse.tsx": {"lines":{"total":45,"covered":22,"skipped":0,"pct":48.88},"functions":{"total":1,"covered":0,"skipped":0,"pct":0},"statements":{"total":45,"covered":22,"skipped":0,"pct":48.88},"branches":{"total":0,"covered":0,"skipped":0,"pct":100}}
,"/workspaces/BloodHound/packages/javascript/bh-shared-ui/src/components/HelpTexts/AZKeyVaultKVContributor/General.tsx": {"lines":{"total":29,"covered":22,"skipped":0,"pct":75.86},"functions":{"total":1,"covered":0,"skipped":0,"pct":0},"statements":{"total":29,"covered":22,"skipped":0,"pct":75.86},"branches":{"total":0,"covered":0,"skipped":0,"pct":100}}
,"/workspaces/BloodHound/packages/javascript/bh-shared-ui/src/components/HelpTexts/AZKeyVaultKVContributor/Opsec.tsx": {"lines":{"total":29,"covered":22,"skipped":0,"pct":75.86},"functions":{"total":1,"covered":0,"skipped":0,"pct":0},"statements":{"total":29,"covered":22,"skipped":0,"pct":75.86},"branches":{"total":0,"covered":0,"skipped":0,"pct":100}}
,"/workspaces/BloodHound/packages/javascript/bh-shared-ui/src/components/HelpTexts/AZKeyVaultKVContributor/References.tsx": {"lines":{"total":45,"covered":22,"skipped":0,"pct":48.88},"functions":{"total":1,"covered":0,"skipped":0,"pct":0},"statements":{"total":45,"covered":22,"skipped":0,"pct":48.88},"branches":{"total":0,"covered":0,"skipped":0,"pct":100}}
,"/workspaces/BloodHound/packages/javascript/bh-shared-ui/src/components/HelpTexts/AZLogicAppContributor/AZLogicAppContributor.tsx": {"lines":{"total":29,"covered":29,"skipped":0,"pct":100},"functions":{"total":0,"covered":0,"skipped":0,"pct":100},"statements":{"total":29,"covered":29,"skipped":0,"pct":100},"branches":{"total":0,"covered":0,"skipped":0,"pct":100}}
,"/workspaces/BloodHound/packages/javascript/bh-shared-ui/src/components/HelpTexts/AZLogicAppContributor/Abuse.tsx": {"lines":{"total":43,"covered":22,"skipped":0,"pct":51.16},"functions":{"total":1,"covered":0,"skipped":0,"pct":0},"statements":{"total":43,"covered":22,"skipped":0,"pct":51.16},"branches":{"total":0,"covered":0,"skipped":0,"pct":100}}
,"/workspaces/BloodHound/packages/javascript/bh-shared-ui/src/components/HelpTexts/AZLogicAppContributor/General.tsx": {"lines":{"total":29,"covered":22,"skipped":0,"pct":75.86},"functions":{"total":1,"covered":0,"skipped":0,"pct":0},"statements":{"total":29,"covered":22,"skipped":0,"pct":75.86},"branches":{"total":0,"covered":0,"skipped":0,"pct":100}}
,"/workspaces/BloodHound/packages/javascript/bh-shared-ui/src/components/HelpTexts/AZLogicAppContributor/Opsec.tsx": {"lines":{"total":29,"covered":22,"skipped":0,"pct":75.86},"functions":{"total":1,"covered":0,"skipped":0,"pct":0},"statements":{"total":29,"covered":22,"skipped":0,"pct":75.86},"branches":{"total":0,"covered":0,"skipped":0,"pct":100}}
,"/workspaces/BloodHound/packages/javascript/bh-shared-ui/src/components/HelpTexts/AZLogicAppContributor/References.tsx": {"lines":{"total":34,"covered":22,"skipped":0,"pct":64.7},"functions":{"total":1,"covered":0,"skipped":0,"pct":0},"statements":{"total":34,"covered":22,"skipped":0,"pct":64.7},"branches":{"total":0,"covered":0,"skipped":0,"pct":100}}
,"/workspaces/BloodHound/packages/javascript/bh-shared-ui/src/components/HelpTexts/AZMGAddMember/AZMGAddMember.tsx": {"lines":{"total":29,"covered":29,"skipped":0,"pct":100},"functions":{"total":0,"covered":0,"skipped":0,"pct":100},"statements":{"total":29,"covered":29,"skipped":0,"pct":100},"branches":{"total":0,"covered":0,"skipped":0,"pct":100}}
,"/workspaces/BloodHound/packages/javascript/bh-shared-ui/src/components/HelpTexts/AZMGAddMember/Abuse.tsx": {"lines":{"total":60,"covered":22,"skipped":0,"pct":36.66},"functions":{"total":1,"covered":0,"skipped":0,"pct":0},"statements":{"total":60,"covered":22,"skipped":0,"pct":36.66},"branches":{"total":0,"covered":0,"skipped":0,"pct":100}}
,"/workspaces/BloodHound/packages/javascript/bh-shared-ui/src/components/HelpTexts/AZMGAddMember/General.tsx": {"lines":{"total":61,"covered":22,"skipped":0,"pct":36.06},"functions":{"total":1,"covered":0,"skipped":0,"pct":0},"statements":{"total":61,"covered":22,"skipped":0,"pct":36.06},"branches":{"total":0,"covered":0,"skipped":0,"pct":100}}
,"/workspaces/BloodHound/packages/javascript/bh-shared-ui/src/components/HelpTexts/AZMGAddMember/Opsec.tsx": {"lines":{"total":31,"covered":22,"skipped":0,"pct":70.96},"functions":{"total":1,"covered":0,"skipped":0,"pct":0},"statements":{"total":31,"covered":22,"skipped":0,"pct":70.96},"branches":{"total":0,"covered":0,"skipped":0,"pct":100}}
,"/workspaces/BloodHound/packages/javascript/bh-shared-ui/src/components/HelpTexts/AZMGAddMember/References.tsx": {"lines":{"total":41,"covered":22,"skipped":0,"pct":53.65},"functions":{"total":1,"covered":0,"skipped":0,"pct":0},"statements":{"total":41,"covered":22,"skipped":0,"pct":53.65},"branches":{"total":0,"covered":0,"skipped":0,"pct":100}}
,"/workspaces/BloodHound/packages/javascript/bh-shared-ui/src/components/HelpTexts/AZMGAddOwner/AZMGAddOwner.tsx": {"lines":{"total":29,"covered":29,"skipped":0,"pct":100},"functions":{"total":0,"covered":0,"skipped":0,"pct":100},"statements":{"total":29,"covered":29,"skipped":0,"pct":100},"branches":{"total":0,"covered":0,"skipped":0,"pct":100}}
,"/workspaces/BloodHound/packages/javascript/bh-shared-ui/src/components/HelpTexts/AZMGAddOwner/Abuse.tsx": {"lines":{"total":76,"covered":22,"skipped":0,"pct":28.94},"functions":{"total":1,"covered":0,"skipped":0,"pct":0},"statements":{"total":76,"covered":22,"skipped":0,"pct":28.94},"branches":{"total":0,"covered":0,"skipped":0,"pct":100}}
,"/workspaces/BloodHound/packages/javascript/bh-shared-ui/src/components/HelpTexts/AZMGAddOwner/General.tsx": {"lines":{"total":86,"covered":22,"skipped":0,"pct":25.58},"functions":{"total":1,"covered":0,"skipped":0,"pct":0},"statements":{"total":86,"covered":22,"skipped":0,"pct":25.58},"branches":{"total":0,"covered":0,"skipped":0,"pct":100}}
,"/workspaces/BloodHound/packages/javascript/bh-shared-ui/src/components/HelpTexts/AZMGAddOwner/Opsec.tsx": {"lines":{"total":31,"covered":22,"skipped":0,"pct":70.96},"functions":{"total":1,"covered":0,"skipped":0,"pct":0},"statements":{"total":31,"covered":22,"skipped":0,"pct":70.96},"branches":{"total":0,"covered":0,"skipped":0,"pct":100}}
,"/workspaces/BloodHound/packages/javascript/bh-shared-ui/src/components/HelpTexts/AZMGAddOwner/References.tsx": {"lines":{"total":41,"covered":22,"skipped":0,"pct":53.65},"functions":{"total":1,"covered":0,"skipped":0,"pct":0},"statements":{"total":41,"covered":22,"skipped":0,"pct":53.65},"branches":{"total":0,"covered":0,"skipped":0,"pct":100}}
,"/workspaces/BloodHound/packages/javascript/bh-shared-ui/src/components/HelpTexts/AZMGAddSecret/AZMGAddSecret.tsx": {"lines":{"total":29,"covered":29,"skipped":0,"pct":100},"functions":{"total":0,"covered":0,"skipped":0,"pct":100},"statements":{"total":29,"covered":29,"skipped":0,"pct":100},"branches":{"total":0,"covered":0,"skipped":0,"pct":100}}
,"/workspaces/BloodHound/packages/javascript/bh-shared-ui/src/components/HelpTexts/AZMGAddSecret/Abuse.tsx": {"lines":{"total":96,"covered":22,"skipped":0,"pct":22.91},"functions":{"total":1,"covered":0,"skipped":0,"pct":0},"statements":{"total":96,"covered":22,"skipped":0,"pct":22.91},"branches":{"total":0,"covered":0,"skipped":0,"pct":100}}
,"/workspaces/BloodHound/packages/javascript/bh-shared-ui/src/components/HelpTexts/AZMGAddSecret/General.tsx": {"lines":{"total":49,"covered":22,"skipped":0,"pct":44.89},"functions":{"total":1,"covered":0,"skipped":0,"pct":0},"statements":{"total":49,"covered":22,"skipped":0,"pct":44.89},"branches":{"total":0,"covered":0,"skipped":0,"pct":100}}
,"/workspaces/BloodHound/packages/javascript/bh-shared-ui/src/components/HelpTexts/AZMGAddSecret/Opsec.tsx": {"lines":{"total":32,"covered":22,"skipped":0,"pct":68.75},"functions":{"total":1,"covered":0,"skipped":0,"pct":0},"statements":{"total":32,"covered":22,"skipped":0,"pct":68.75},"branches":{"total":0,"covered":0,"skipped":0,"pct":100}}
,"/workspaces/BloodHound/packages/javascript/bh-shared-ui/src/components/HelpTexts/AZMGAddSecret/References.tsx": {"lines":{"total":41,"covered":22,"skipped":0,"pct":53.65},"functions":{"total":1,"covered":0,"skipped":0,"pct":0},"statements":{"total":41,"covered":22,"skipped":0,"pct":53.65},"branches":{"total":0,"covered":0,"skipped":0,"pct":100}}
,"/workspaces/BloodHound/packages/javascript/bh-shared-ui/src/components/HelpTexts/AZMGAppRoleAssignment_ReadWrite_All/AZMGAppRoleAssignment_ReadWrite_All.tsx": {"lines":{"total":29,"covered":29,"skipped":0,"pct":100},"functions":{"total":0,"covered":0,"skipped":0,"pct":100},"statements":{"total":29,"covered":29,"skipped":0,"pct":100},"branches":{"total":0,"covered":0,"skipped":0,"pct":100}}
,"/workspaces/BloodHound/packages/javascript/bh-shared-ui/src/components/HelpTexts/AZMGAppRoleAssignment_ReadWrite_All/Abuse.tsx": {"lines":{"total":31,"covered":22,"skipped":0,"pct":70.96},"functions":{"total":1,"covered":0,"skipped":0,"pct":0},"statements":{"total":31,"covered":22,"skipped":0,"pct":70.96},"branches":{"total":0,"covered":0,"skipped":0,"pct":100}}
,"/workspaces/BloodHound/packages/javascript/bh-shared-ui/src/components/HelpTexts/AZMGAppRoleAssignment_ReadWrite_All/General.tsx": {"lines":{"total":31,"covered":22,"skipped":0,"pct":70.96},"functions":{"total":1,"covered":0,"skipped":0,"pct":0},"statements":{"total":31,"covered":22,"skipped":0,"pct":70.96},"branches":{"total":0,"covered":0,"skipped":0,"pct":100}}
,"/workspaces/BloodHound/packages/javascript/bh-shared-ui/src/components/HelpTexts/AZMGAppRoleAssignment_ReadWrite_All/Opsec.tsx": {"lines":{"total":31,"covered":22,"skipped":0,"pct":70.96},"functions":{"total":1,"covered":0,"skipped":0,"pct":0},"statements":{"total":31,"covered":22,"skipped":0,"pct":70.96},"branches":{"total":0,"covered":0,"skipped":0,"pct":100}}
,"/workspaces/BloodHound/packages/javascript/bh-shared-ui/src/components/HelpTexts/AZMGAppRoleAssignment_ReadWrite_All/References.tsx": {"lines":{"total":37,"covered":22,"skipped":0,"pct":59.45},"functions":{"total":1,"covered":0,"skipped":0,"pct":0},"statements":{"total":37,"covered":22,"skipped":0,"pct":59.45},"branches":{"total":0,"covered":0,"skipped":0,"pct":100}}
,"/workspaces/BloodHound/packages/javascript/bh-shared-ui/src/components/HelpTexts/AZMGApplication_ReadWrite_All/AZMGApplication_ReadWrite_All.tsx": {"lines":{"total":29,"covered":29,"skipped":0,"pct":100},"functions":{"total":0,"covered":0,"skipped":0,"pct":100},"statements":{"total":29,"covered":29,"skipped":0,"pct":100},"branches":{"total":0,"covered":0,"skipped":0,"pct":100}}
,"/workspaces/BloodHound/packages/javascript/bh-shared-ui/src/components/HelpTexts/AZMGApplication_ReadWrite_All/Abuse.tsx": {"lines":{"total":31,"covered":22,"skipped":0,"pct":70.96},"functions":{"total":1,"covered":0,"skipped":0,"pct":0},"statements":{"total":31,"covered":22,"skipped":0,"pct":70.96},"branches":{"total":0,"covered":0,"skipped":0,"pct":100}}
,"/workspaces/BloodHound/packages/javascript/bh-shared-ui/src/components/HelpTexts/AZMGApplication_ReadWrite_All/General.tsx": {"lines":{"total":31,"covered":22,"skipped":0,"pct":70.96},"functions":{"total":1,"covered":0,"skipped":0,"pct":0},"statements":{"total":31,"covered":22,"skipped":0,"pct":70.96},"branches":{"total":0,"covered":0,"skipped":0,"pct":100}}
,"/workspaces/BloodHound/packages/javascript/bh-shared-ui/src/components/HelpTexts/AZMGApplication_ReadWrite_All/Opsec.tsx": {"lines":{"total":31,"covered":22,"skipped":0,"pct":70.96},"functions":{"total":1,"covered":0,"skipped":0,"pct":0},"statements":{"total":31,"covered":22,"skipped":0,"pct":70.96},"branches":{"total":0,"covered":0,"skipped":0,"pct":100}}
,"/workspaces/BloodHound/packages/javascript/bh-shared-ui/src/components/HelpTexts/AZMGApplication_ReadWrite_All/References.tsx": {"lines":{"total":37,"covered":22,"skipped":0,"pct":59.45},"functions":{"total":1,"covered":0,"skipped":0,"pct":0},"statements":{"total":37,"covered":22,"skipped":0,"pct":59.45},"branches":{"total":0,"covered":0,"skipped":0,"pct":100}}
,"/workspaces/BloodHound/packages/javascript/bh-shared-ui/src/components/HelpTexts/AZMGDirectory_ReadWrite_All/AZMGDirectory_ReadWrite_All.tsx": {"lines":{"total":29,"covered":29,"skipped":0,"pct":100},"functions":{"total":0,"covered":0,"skipped":0,"pct":100},"statements":{"total":29,"covered":29,"skipped":0,"pct":100},"branches":{"total":0,"covered":0,"skipped":0,"pct":100}}
,"/workspaces/BloodHound/packages/javascript/bh-shared-ui/src/components/HelpTexts/AZMGDirectory_ReadWrite_All/Abuse.tsx": {"lines":{"total":31,"covered":22,"skipped":0,"pct":70.96},"functions":{"total":1,"covered":0,"skipped":0,"pct":0},"statements":{"total":31,"covered":22,"skipped":0,"pct":70.96},"branches":{"total":0,"covered":0,"skipped":0,"pct":100}}
,"/workspaces/BloodHound/packages/javascript/bh-shared-ui/src/components/HelpTexts/AZMGDirectory_ReadWrite_All/General.tsx": {"lines":{"total":31,"covered":22,"skipped":0,"pct":70.96},"functions":{"total":1,"covered":0,"skipped":0,"pct":0},"statements":{"total":31,"covered":22,"skipped":0,"pct":70.96},"branches":{"total":0,"covered":0,"skipped":0,"pct":100}}
,"/workspaces/BloodHound/packages/javascript/bh-shared-ui/src/components/HelpTexts/AZMGDirectory_ReadWrite_All/Opsec.tsx": {"lines":{"total":31,"covered":22,"skipped":0,"pct":70.96},"functions":{"total":1,"covered":0,"skipped":0,"pct":0},"statements":{"total":31,"covered":22,"skipped":0,"pct":70.96},"branches":{"total":0,"covered":0,"skipped":0,"pct":100}}
,"/workspaces/BloodHound/packages/javascript/bh-shared-ui/src/components/HelpTexts/AZMGDirectory_ReadWrite_All/References.tsx": {"lines":{"total":37,"covered":22,"skipped":0,"pct":59.45},"functions":{"total":1,"covered":0,"skipped":0,"pct":0},"statements":{"total":37,"covered":22,"skipped":0,"pct":59.45},"branches":{"total":0,"covered":0,"skipped":0,"pct":100}}
,"/workspaces/BloodHound/packages/javascript/bh-shared-ui/src/components/HelpTexts/AZMGGrantAppRoles/AZMGGrantAppRoles.tsx": {"lines":{"total":29,"covered":29,"skipped":0,"pct":100},"functions":{"total":0,"covered":0,"skipped":0,"pct":100},"statements":{"total":29,"covered":29,"skipped":0,"pct":100},"branches":{"total":0,"covered":0,"skipped":0,"pct":100}}
,"/workspaces/BloodHound/packages/javascript/bh-shared-ui/src/components/HelpTexts/AZMGGrantAppRoles/Abuse.tsx": {"lines":{"total":98,"covered":22,"skipped":0,"pct":22.44},"functions":{"total":1,"covered":0,"skipped":0,"pct":0},"statements":{"total":98,"covered":22,"skipped":0,"pct":22.44},"branches":{"total":0,"covered":0,"skipped":0,"pct":100}}
,"/workspaces/BloodHound/packages/javascript/bh-shared-ui/src/components/HelpTexts/AZMGGrantAppRoles/General.tsx": {"lines":{"total":42,"covered":22,"skipped":0,"pct":52.38},"functions":{"total":1,"covered":0,"skipped":0,"pct":0},"statements":{"total":42,"covered":22,"skipped":0,"pct":52.38},"branches":{"total":0,"covered":0,"skipped":0,"pct":100}}
,"/workspaces/BloodHound/packages/javascript/bh-shared-ui/src/components/HelpTexts/AZMGGrantAppRoles/Opsec.tsx": {"lines":{"total":32,"covered":22,"skipped":0,"pct":68.75},"functions":{"total":1,"covered":0,"skipped":0,"pct":0},"statements":{"total":32,"covered":22,"skipped":0,"pct":68.75},"branches":{"total":0,"covered":0,"skipped":0,"pct":100}}
,"/workspaces/BloodHound/packages/javascript/bh-shared-ui/src/components/HelpTexts/AZMGGrantAppRoles/References.tsx": {"lines":{"total":41,"covered":22,"skipped":0,"pct":53.65},"functions":{"total":1,"covered":0,"skipped":0,"pct":0},"statements":{"total":41,"covered":22,"skipped":0,"pct":53.65},"branches":{"total":0,"covered":0,"skipped":0,"pct":100}}
,"/workspaces/BloodHound/packages/javascript/bh-shared-ui/src/components/HelpTexts/AZMGGrantRole/AZMGGrantRole.tsx": {"lines":{"total":29,"covered":29,"skipped":0,"pct":100},"functions":{"total":0,"covered":0,"skipped":0,"pct":100},"statements":{"total":29,"covered":29,"skipped":0,"pct":100},"branches":{"total":0,"covered":0,"skipped":0,"pct":100}}
,"/workspaces/BloodHound/packages/javascript/bh-shared-ui/src/components/HelpTexts/AZMGGrantRole/Abuse.tsx": {"lines":{"total":61,"covered":22,"skipped":0,"pct":36.06},"functions":{"total":1,"covered":0,"skipped":0,"pct":0},"statements":{"total":61,"covered":22,"skipped":0,"pct":36.06},"branches":{"total":0,"covered":0,"skipped":0,"pct":100}}
,"/workspaces/BloodHound/packages/javascript/bh-shared-ui/src/components/HelpTexts/AZMGGrantRole/General.tsx": {"lines":{"total":44,"covered":22,"skipped":0,"pct":50},"functions":{"total":1,"covered":0,"skipped":0,"pct":0},"statements":{"total":44,"covered":22,"skipped":0,"pct":50},"branches":{"total":0,"covered":0,"skipped":0,"pct":100}}
,"/workspaces/BloodHound/packages/javascript/bh-shared-ui/src/components/HelpTexts/AZMGGrantRole/Opsec.tsx": {"lines":{"total":31,"covered":22,"skipped":0,"pct":70.96},"functions":{"total":1,"covered":0,"skipped":0,"pct":0},"statements":{"total":31,"covered":22,"skipped":0,"pct":70.96},"branches":{"total":0,"covered":0,"skipped":0,"pct":100}}
,"/workspaces/BloodHound/packages/javascript/bh-shared-ui/src/components/HelpTexts/AZMGGrantRole/References.tsx": {"lines":{"total":41,"covered":22,"skipped":0,"pct":53.65},"functions":{"total":1,"covered":0,"skipped":0,"pct":0},"statements":{"total":41,"covered":22,"skipped":0,"pct":53.65},"branches":{"total":0,"covered":0,"skipped":0,"pct":100}}
,"/workspaces/BloodHound/packages/javascript/bh-shared-ui/src/components/HelpTexts/AZMGGroupMember_ReadWrite_All/AZMGGroupMember_ReadWrite_All.tsx": {"lines":{"total":29,"covered":29,"skipped":0,"pct":100},"functions":{"total":0,"covered":0,"skipped":0,"pct":100},"statements":{"total":29,"covered":29,"skipped":0,"pct":100},"branches":{"total":0,"covered":0,"skipped":0,"pct":100}}
,"/workspaces/BloodHound/packages/javascript/bh-shared-ui/src/components/HelpTexts/AZMGGroupMember_ReadWrite_All/Abuse.tsx": {"lines":{"total":31,"covered":22,"skipped":0,"pct":70.96},"functions":{"total":1,"covered":0,"skipped":0,"pct":0},"statements":{"total":31,"covered":22,"skipped":0,"pct":70.96},"branches":{"total":0,"covered":0,"skipped":0,"pct":100}}
,"/workspaces/BloodHound/packages/javascript/bh-shared-ui/src/components/HelpTexts/AZMGGroupMember_ReadWrite_All/General.tsx": {"lines":{"total":31,"covered":22,"skipped":0,"pct":70.96},"functions":{"total":1,"covered":0,"skipped":0,"pct":0},"statements":{"total":31,"covered":22,"skipped":0,"pct":70.96},"branches":{"total":0,"covered":0,"skipped":0,"pct":100}}
,"/workspaces/BloodHound/packages/javascript/bh-shared-ui/src/components/HelpTexts/AZMGGroupMember_ReadWrite_All/Opsec.tsx": {"lines":{"total":31,"covered":22,"skipped":0,"pct":70.96},"functions":{"total":1,"covered":0,"skipped":0,"pct":0},"statements":{"total":31,"covered":22,"skipped":0,"pct":70.96},"branches":{"total":0,"covered":0,"skipped":0,"pct":100}}
,"/workspaces/BloodHound/packages/javascript/bh-shared-ui/src/components/HelpTexts/AZMGGroupMember_ReadWrite_All/References.tsx": {"lines":{"total":37,"covered":22,"skipped":0,"pct":59.45},"functions":{"total":1,"covered":0,"skipped":0,"pct":0},"statements":{"total":37,"covered":22,"skipped":0,"pct":59.45},"branches":{"total":0,"covered":0,"skipped":0,"pct":100}}
,"/workspaces/BloodHound/packages/javascript/bh-shared-ui/src/components/HelpTexts/AZMGGroup_ReadWrite_All/AZMGGroup_ReadWrite_All.tsx": {"lines":{"total":29,"covered":29,"skipped":0,"pct":100},"functions":{"total":0,"covered":0,"skipped":0,"pct":100},"statements":{"total":29,"covered":29,"skipped":0,"pct":100},"branches":{"total":0,"covered":0,"skipped":0,"pct":100}}
,"/workspaces/BloodHound/packages/javascript/bh-shared-ui/src/components/HelpTexts/AZMGGroup_ReadWrite_All/Abuse.tsx": {"lines":{"total":31,"covered":22,"skipped":0,"pct":70.96},"functions":{"total":1,"covered":0,"skipped":0,"pct":0},"statements":{"total":31,"covered":22,"skipped":0,"pct":70.96},"branches":{"total":0,"covered":0,"skipped":0,"pct":100}}
,"/workspaces/BloodHound/packages/javascript/bh-shared-ui/src/components/HelpTexts/AZMGGroup_ReadWrite_All/General.tsx": {"lines":{"total":31,"covered":22,"skipped":0,"pct":70.96},"functions":{"total":1,"covered":0,"skipped":0,"pct":0},"statements":{"total":31,"covered":22,"skipped":0,"pct":70.96},"branches":{"total":0,"covered":0,"skipped":0,"pct":100}}
,"/workspaces/BloodHound/packages/javascript/bh-shared-ui/src/components/HelpTexts/AZMGGroup_ReadWrite_All/Opsec.tsx": {"lines":{"total":31,"covered":22,"skipped":0,"pct":70.96},"functions":{"total":1,"covered":0,"skipped":0,"pct":0},"statements":{"total":31,"covered":22,"skipped":0,"pct":70.96},"branches":{"total":0,"covered":0,"skipped":0,"pct":100}}
,"/workspaces/BloodHound/packages/javascript/bh-shared-ui/src/components/HelpTexts/AZMGGroup_ReadWrite_All/References.tsx": {"lines":{"total":37,"covered":22,"skipped":0,"pct":59.45},"functions":{"total":1,"covered":0,"skipped":0,"pct":0},"statements":{"total":37,"covered":22,"skipped":0,"pct":59.45},"branches":{"total":0,"covered":0,"skipped":0,"pct":100}}
,"/workspaces/BloodHound/packages/javascript/bh-shared-ui/src/components/HelpTexts/AZMGRoleManagement_ReadWrite_Directory/AZMGRoleManagement_ReadWrite_Directory.tsx": {"lines":{"total":29,"covered":29,"skipped":0,"pct":100},"functions":{"total":0,"covered":0,"skipped":0,"pct":100},"statements":{"total":29,"covered":29,"skipped":0,"pct":100},"branches":{"total":0,"covered":0,"skipped":0,"pct":100}}
,"/workspaces/BloodHound/packages/javascript/bh-shared-ui/src/components/HelpTexts/AZMGRoleManagement_ReadWrite_Directory/Abuse.tsx": {"lines":{"total":31,"covered":22,"skipped":0,"pct":70.96},"functions":{"total":1,"covered":0,"skipped":0,"pct":0},"statements":{"total":31,"covered":22,"skipped":0,"pct":70.96},"branches":{"total":0,"covered":0,"skipped":0,"pct":100}}
,"/workspaces/BloodHound/packages/javascript/bh-shared-ui/src/components/HelpTexts/AZMGRoleManagement_ReadWrite_Directory/General.tsx": {"lines":{"total":31,"covered":22,"skipped":0,"pct":70.96},"functions":{"total":1,"covered":0,"skipped":0,"pct":0},"statements":{"total":31,"covered":22,"skipped":0,"pct":70.96},"branches":{"total":0,"covered":0,"skipped":0,"pct":100}}
,"/workspaces/BloodHound/packages/javascript/bh-shared-ui/src/components/HelpTexts/AZMGRoleManagement_ReadWrite_Directory/Opsec.tsx": {"lines":{"total":31,"covered":22,"skipped":0,"pct":70.96},"functions":{"total":1,"covered":0,"skipped":0,"pct":0},"statements":{"total":31,"covered":22,"skipped":0,"pct":70.96},"branches":{"total":0,"covered":0,"skipped":0,"pct":100}}
,"/workspaces/BloodHound/packages/javascript/bh-shared-ui/src/components/HelpTexts/AZMGRoleManagement_ReadWrite_Directory/References.tsx": {"lines":{"total":44,"covered":22,"skipped":0,"pct":50},"functions":{"total":1,"covered":0,"skipped":0,"pct":0},"statements":{"total":44,"covered":22,"skipped":0,"pct":50},"branches":{"total":0,"covered":0,"skipped":0,"pct":100}}
,"/workspaces/BloodHound/packages/javascript/bh-shared-ui/src/components/HelpTexts/AZMGServicePrincipalEndpoint_ReadWrite_All/AZMGServicePrincipalEndpoint_ReadWrite_All.tsx": {"lines":{"total":29,"covered":29,"skipped":0,"pct":100},"functions":{"total":0,"covered":0,"skipped":0,"pct":100},"statements":{"total":29,"covered":29,"skipped":0,"pct":100},"branches":{"total":0,"covered":0,"skipped":0,"pct":100}}
,"/workspaces/BloodHound/packages/javascript/bh-shared-ui/src/components/HelpTexts/AZMGServicePrincipalEndpoint_ReadWrite_All/Abuse.tsx": {"lines":{"total":32,"covered":22,"skipped":0,"pct":68.75},"functions":{"total":1,"covered":0,"skipped":0,"pct":0},"statements":{"total":32,"covered":22,"skipped":0,"pct":68.75},"branches":{"total":0,"covered":0,"skipped":0,"pct":100}}
,"/workspaces/BloodHound/packages/javascript/bh-shared-ui/src/components/HelpTexts/AZMGServicePrincipalEndpoint_ReadWrite_All/General.tsx": {"lines":{"total":32,"covered":22,"skipped":0,"pct":68.75},"functions":{"total":1,"covered":0,"skipped":0,"pct":0},"statements":{"total":32,"covered":22,"skipped":0,"pct":68.75},"branches":{"total":0,"covered":0,"skipped":0,"pct":100}}
,"/workspaces/BloodHound/packages/javascript/bh-shared-ui/src/components/HelpTexts/AZMGServicePrincipalEndpoint_ReadWrite_All/Opsec.tsx": {"lines":{"total":32,"covered":22,"skipped":0,"pct":68.75},"functions":{"total":1,"covered":0,"skipped":0,"pct":0},"statements":{"total":32,"covered":22,"skipped":0,"pct":68.75},"branches":{"total":0,"covered":0,"skipped":0,"pct":100}}
,"/workspaces/BloodHound/packages/javascript/bh-shared-ui/src/components/HelpTexts/AZMGServicePrincipalEndpoint_ReadWrite_All/References.tsx": {"lines":{"total":37,"covered":22,"skipped":0,"pct":59.45},"functions":{"total":1,"covered":0,"skipped":0,"pct":0},"statements":{"total":37,"covered":22,"skipped":0,"pct":59.45},"branches":{"total":0,"covered":0,"skipped":0,"pct":100}}
,"/workspaces/BloodHound/packages/javascript/bh-shared-ui/src/components/HelpTexts/AZManagedIdentity/AZManagedIdentity.tsx": {"lines":{"total":29,"covered":29,"skipped":0,"pct":100},"functions":{"total":0,"covered":0,"skipped":0,"pct":100},"statements":{"total":29,"covered":29,"skipped":0,"pct":100},"branches":{"total":0,"covered":0,"skipped":0,"pct":100}}
,"/workspaces/BloodHound/packages/javascript/bh-shared-ui/src/components/HelpTexts/AZManagedIdentity/Abuse.tsx": {"lines":{"total":45,"covered":22,"skipped":0,"pct":48.88},"functions":{"total":1,"covered":0,"skipped":0,"pct":0},"statements":{"total":45,"covered":22,"skipped":0,"pct":48.88},"branches":{"total":0,"covered":0,"skipped":0,"pct":100}}
,"/workspaces/BloodHound/packages/javascript/bh-shared-ui/src/components/HelpTexts/AZManagedIdentity/General.tsx": {"lines":{"total":31,"covered":22,"skipped":0,"pct":70.96},"functions":{"total":1,"covered":0,"skipped":0,"pct":0},"statements":{"total":31,"covered":22,"skipped":0,"pct":70.96},"branches":{"total":0,"covered":0,"skipped":0,"pct":100}}
,"/workspaces/BloodHound/packages/javascript/bh-shared-ui/src/components/HelpTexts/AZManagedIdentity/Opsec.tsx": {"lines":{"total":29,"covered":22,"skipped":0,"pct":75.86},"functions":{"total":1,"covered":0,"skipped":0,"pct":0},"statements":{"total":29,"covered":22,"skipped":0,"pct":75.86},"branches":{"total":0,"covered":0,"skipped":0,"pct":100}}
,"/workspaces/BloodHound/packages/javascript/bh-shared-ui/src/components/HelpTexts/AZManagedIdentity/References.tsx": {"lines":{"total":48,"covered":22,"skipped":0,"pct":45.83},"functions":{"total":1,"covered":0,"skipped":0,"pct":0},"statements":{"total":48,"covered":22,"skipped":0,"pct":45.83},"branches":{"total":0,"covered":0,"skipped":0,"pct":100}}
,"/workspaces/BloodHound/packages/javascript/bh-shared-ui/src/components/HelpTexts/AZMemberOf/AZMemberOf.tsx": {"lines":{"total":29,"covered":29,"skipped":0,"pct":100},"functions":{"total":0,"covered":0,"skipped":0,"pct":100},"statements":{"total":29,"covered":29,"skipped":0,"pct":100},"branches":{"total":0,"covered":0,"skipped":0,"pct":100}}
,"/workspaces/BloodHound/packages/javascript/bh-shared-ui/src/components/HelpTexts/AZMemberOf/Abuse.tsx": {"lines":{"total":28,"covered":22,"skipped":0,"pct":78.57},"functions":{"total":1,"covered":0,"skipped":0,"pct":0},"statements":{"total":28,"covered":22,"skipped":0,"pct":78.57},"branches":{"total":0,"covered":0,"skipped":0,"pct":100}}
,"/workspaces/BloodHound/packages/javascript/bh-shared-ui/src/components/HelpTexts/AZMemberOf/General.tsx": {"lines":{"total":36,"covered":24,"skipped":0,"pct":66.66},"functions":{"total":1,"covered":0,"skipped":0,"pct":0},"statements":{"total":36,"covered":24,"skipped":0,"pct":66.66},"branches":{"total":0,"covered":0,"skipped":0,"pct":100}}
,"/workspaces/BloodHound/packages/javascript/bh-shared-ui/src/components/HelpTexts/AZMemberOf/Opsec.tsx": {"lines":{"total":24,"covered":22,"skipped":0,"pct":91.66},"functions":{"total":1,"covered":0,"skipped":0,"pct":0},"statements":{"total":24,"covered":22,"skipped":0,"pct":91.66},"branches":{"total":0,"covered":0,"skipped":0,"pct":100}}
,"/workspaces/BloodHound/packages/javascript/bh-shared-ui/src/components/HelpTexts/AZMemberOf/References.tsx": {"lines":{"total":33,"covered":22,"skipped":0,"pct":66.66},"functions":{"total":1,"covered":0,"skipped":0,"pct":0},"statements":{"total":33,"covered":22,"skipped":0,"pct":66.66},"branches":{"total":0,"covered":0,"skipped":0,"pct":100}}
,"/workspaces/BloodHound/packages/javascript/bh-shared-ui/src/components/HelpTexts/AZNodeResourceGroup/AZNodeResourceGroup.tsx": {"lines":{"total":29,"covered":29,"skipped":0,"pct":100},"functions":{"total":0,"covered":0,"skipped":0,"pct":100},"statements":{"total":29,"covered":29,"skipped":0,"pct":100},"branches":{"total":0,"covered":0,"skipped":0,"pct":100}}
,"/workspaces/BloodHound/packages/javascript/bh-shared-ui/src/components/HelpTexts/AZNodeResourceGroup/Abuse.tsx": {"lines":{"total":32,"covered":22,"skipped":0,"pct":68.75},"functions":{"total":1,"covered":0,"skipped":0,"pct":0},"statements":{"total":32,"covered":22,"skipped":0,"pct":68.75},"branches":{"total":0,"covered":0,"skipped":0,"pct":100}}
,"/workspaces/BloodHound/packages/javascript/bh-shared-ui/src/components/HelpTexts/AZNodeResourceGroup/General.tsx": {"lines":{"total":36,"covered":22,"skipped":0,"pct":61.11},"functions":{"total":1,"covered":0,"skipped":0,"pct":0},"statements":{"total":36,"covered":22,"skipped":0,"pct":61.11},"branches":{"total":0,"covered":0,"skipped":0,"pct":100}}
,"/workspaces/BloodHound/packages/javascript/bh-shared-ui/src/components/HelpTexts/AZNodeResourceGroup/Opsec.tsx": {"lines":{"total":29,"covered":22,"skipped":0,"pct":75.86},"functions":{"total":1,"covered":0,"skipped":0,"pct":0},"statements":{"total":29,"covered":22,"skipped":0,"pct":75.86},"branches":{"total":0,"covered":0,"skipped":0,"pct":100}}
,"/workspaces/BloodHound/packages/javascript/bh-shared-ui/src/components/HelpTexts/AZNodeResourceGroup/References.tsx": {"lines":{"total":37,"covered":22,"skipped":0,"pct":59.45},"functions":{"total":1,"covered":0,"skipped":0,"pct":0},"statements":{"total":37,"covered":22,"skipped":0,"pct":59.45},"branches":{"total":0,"covered":0,"skipped":0,"pct":100}}
,"/workspaces/BloodHound/packages/javascript/bh-shared-ui/src/components/HelpTexts/AZOwns/AZOwns.tsx": {"lines":{"total":29,"covered":29,"skipped":0,"pct":100},"functions":{"total":0,"covered":0,"skipped":0,"pct":100},"statements":{"total":29,"covered":29,"skipped":0,"pct":100},"branches":{"total":0,"covered":0,"skipped":0,"pct":100}}
,"/workspaces/BloodHound/packages/javascript/bh-shared-ui/src/components/HelpTexts/AZOwns/Abuse.tsx": {"lines":{"total":28,"covered":22,"skipped":0,"pct":78.57},"functions":{"total":1,"covered":0,"skipped":0,"pct":0},"statements":{"total":28,"covered":22,"skipped":0,"pct":78.57},"branches":{"total":0,"covered":0,"skipped":0,"pct":100}}
,"/workspaces/BloodHound/packages/javascript/bh-shared-ui/src/components/HelpTexts/AZOwns/General.tsx": {"lines":{"total":28,"covered":22,"skipped":0,"pct":78.57},"functions":{"total":1,"covered":0,"skipped":0,"pct":0},"statements":{"total":28,"covered":22,"skipped":0,"pct":78.57},"branches":{"total":0,"covered":0,"skipped":0,"pct":100}}
,"/workspaces/BloodHound/packages/javascript/bh-shared-ui/src/components/HelpTexts/AZOwns/Opsec.tsx": {"lines":{"total":28,"covered":22,"skipped":0,"pct":78.57},"functions":{"total":1,"covered":0,"skipped":0,"pct":0},"statements":{"total":28,"covered":22,"skipped":0,"pct":78.57},"branches":{"total":0,"covered":0,"skipped":0,"pct":100}}
,"/workspaces/BloodHound/packages/javascript/bh-shared-ui/src/components/HelpTexts/AZOwns/References.tsx": {"lines":{"total":33,"covered":22,"skipped":0,"pct":66.66},"functions":{"total":1,"covered":0,"skipped":0,"pct":0},"statements":{"total":33,"covered":22,"skipped":0,"pct":66.66},"branches":{"total":0,"covered":0,"skipped":0,"pct":100}}
,"/workspaces/BloodHound/packages/javascript/bh-shared-ui/src/components/HelpTexts/AZPrivilegedAuthAdmin/AZPrivilegedAuthAdmin.tsx": {"lines":{"total":29,"covered":29,"skipped":0,"pct":100},"functions":{"total":0,"covered":0,"skipped":0,"pct":100},"statements":{"total":29,"covered":29,"skipped":0,"pct":100},"branches":{"total":0,"covered":0,"skipped":0,"pct":100}}
,"/workspaces/BloodHound/packages/javascript/bh-shared-ui/src/components/HelpTexts/AZPrivilegedAuthAdmin/Abuse.tsx": {"lines":{"total":187,"covered":22,"skipped":0,"pct":11.76},"functions":{"total":1,"covered":0,"skipped":0,"pct":0},"statements":{"total":187,"covered":22,"skipped":0,"pct":11.76},"branches":{"total":0,"covered":0,"skipped":0,"pct":100}}
,"/workspaces/BloodHound/packages/javascript/bh-shared-ui/src/components/HelpTexts/AZPrivilegedAuthAdmin/General.tsx": {"lines":{"total":31,"covered":22,"skipped":0,"pct":70.96},"functions":{"total":1,"covered":0,"skipped":0,"pct":0},"statements":{"total":31,"covered":22,"skipped":0,"pct":70.96},"branches":{"total":0,"covered":0,"skipped":0,"pct":100}}
,"/workspaces/BloodHound/packages/javascript/bh-shared-ui/src/components/HelpTexts/AZPrivilegedAuthAdmin/Opsec.tsx": {"lines":{"total":49,"covered":22,"skipped":0,"pct":44.89},"functions":{"total":1,"covered":0,"skipped":0,"pct":0},"statements":{"total":49,"covered":22,"skipped":0,"pct":44.89},"branches":{"total":0,"covered":0,"skipped":0,"pct":100}}
,"/workspaces/BloodHound/packages/javascript/bh-shared-ui/src/components/HelpTexts/AZPrivilegedAuthAdmin/References.tsx": {"lines":{"total":58,"covered":22,"skipped":0,"pct":37.93},"functions":{"total":1,"covered":0,"skipped":0,"pct":0},"statements":{"total":58,"covered":22,"skipped":0,"pct":37.93},"branches":{"total":0,"covered":0,"skipped":0,"pct":100}}
,"/workspaces/BloodHound/packages/javascript/bh-shared-ui/src/components/HelpTexts/AZPrivilegedRoleAdmin/AZPrivilegedRoleAdmin.tsx": {"lines":{"total":29,"covered":29,"skipped":0,"pct":100},"functions":{"total":0,"covered":0,"skipped":0,"pct":100},"statements":{"total":29,"covered":29,"skipped":0,"pct":100},"branches":{"total":0,"covered":0,"skipped":0,"pct":100}}
[...]
,"/workspaces/BloodHound/packages/javascript/bh-shared-ui/src/components/HelpTexts/WriteSPN/General.tsx": {"lines":{"total":31,"covered":24,"skipped":0,"pct":77.41},"functions":{"total":1,"covered":0,"skipped":0,"pct":0},"statements":{"total":31,"covered":24,"skipped":0,"pct":77.41},"branches":{"total":0,"covered":0,"skipped":0,"pct":100}}
,"/workspaces/BloodHound/packages/javascript/bh-shared-ui/src/components/HelpTexts/WriteSPN/LinuxAbuse.tsx": {"lines":{"total":49,"covered":23,"skipped":0,"pct":46.93},"functions":{"total":1,"covered":0,"skipped":0,"pct":0},"statements":{"total":49,"covered":23,"skipped":0,"pct":46.93},"branches":{"total":0,"covered":0,"skipped":0,"pct":100}}
,"/workspaces/BloodHound/packages/javascript/bh-shared-ui/src/components/HelpTexts/WriteSPN/Opsec.tsx": {"lines":{"total":41,"covered":22,"skipped":0,"pct":53.65},"functions":{"total":1,"covered":0,"skipped":0,"pct":0},"statements":{"total":41,"covered":22,"skipped":0,"pct":53.65},"branches":{"total":0,"covered":0,"skipped":0,"pct":100}}
,"/workspaces/BloodHound/packages/javascript/bh-shared-ui/src/components/HelpTexts/WriteSPN/References.tsx": {"lines":{"total":44,"covered":22,"skipped":0,"pct":50},"functions":{"total":1,"covered":0,"skipped":0,"pct":0},"statements":{"total":44,"covered":22,"skipped":0,"pct":50},"branches":{"total":0,"covered":0,"skipped":0,"pct":100}}
,"/workspaces/BloodHound/packages/javascript/bh-shared-ui/src/components/HelpTexts/WriteSPN/WindowsAbuse.tsx": {"lines":{"total":62,"covered":23,"skipped":0,"pct":37.09},"functions":{"total":1,"covered":0,"skipped":0,"pct":0},"statements":{"total":62,"covered":23,"skipped":0,"pct":37.09},"branches":{"total":0,"covered":0,"skipped":0,"pct":100}}
,"/workspaces/BloodHound/packages/javascript/bh-shared-ui/src/components/HelpTexts/WriteSPN/WriteSPN.tsx": {"lines":{"total":31,"covered":31,"skipped":0,"pct":100},"functions":{"total":0,"covered":0,"skipped":0,"pct":100},"statements":{"total":31,"covered":31,"skipped":0,"pct":100},"branches":{"total":0,"covered":0,"skipped":0,"pct":100}}
,"/workspaces/BloodHound/packages/javascript/bh-shared-ui/src/components/HighlightedText/HighlightedText.tsx": {"lines":{"total":45,"covered":45,"skipped":0,"pct":100},"functions":{"total":2,"covered":2,"skipped":0,"pct":100},"statements":{"total":45,"covered":45,"skipped":0,"pct":100},"branches":{"total":8,"covered":8,"skipped":0,"pct":100}}
,"/workspaces/BloodHound/packages/javascript/bh-shared-ui/src/components/HighlightedText/index.ts": {"lines":{"total":18,"covered":18,"skipped":0,"pct":100},"functions":{"total":0,"covered":0,"skipped":0,"pct":100},"statements":{"total":18,"covered":18,"skipped":0,"pct":100},"branches":{"total":0,"covered":0,"skipped":0,"pct":100}}
,"/workspaces/BloodHound/packages/javascript/bh-shared-ui/src/components/InfiniteScrollingTable/InfiniteScrollingTable.tsx": {"lines":{"total":150,"covered":48,"skipped":0,"pct":32},"functions":{"total":2,"covered":0,"skipped":0,"pct":0},"statements":{"total":150,"covered":48,"skipped":0,"pct":32},"branches":{"total":0,"covered":0,"skipped":0,"pct":100}}
,"/workspaces/BloodHound/packages/javascript/bh-shared-ui/src/components/InfiniteScrollingTable/index.ts": {"lines":{"total":18,"covered":18,"skipped":0,"pct":100},"functions":{"total":0,"covered":0,"skipped":0,"pct":100},"statements":{"total":18,"covered":18,"skipped":0,"pct":100},"branches":{"total":0,"covered":0,"skipped":0,"pct":100}}
,"/workspaces/BloodHound/packages/javascript/bh-shared-ui/src/components/NoDataAlert/NoDataAlert.tsx": {"lines":{"total":45,"covered":45,"skipped":0,"pct":100},"functions":{"total":1,"covered":1,"skipped":0,"pct":100},"statements":{"total":45,"covered":45,"skipped":0,"pct":100},"branches":{"total":2,"covered":2,"skipped":0,"pct":100}}
,"/workspaces/BloodHound/packages/javascript/bh-shared-ui/src/components/NoDataAlert/index.tsx": {"lines":{"total":19,"covered":19,"skipped":0,"pct":100},"functions":{"total":0,"covered":0,"skipped":0,"pct":100},"statements":{"total":19,"covered":19,"skipped":0,"pct":100},"branches":{"total":0,"covered":0,"skipped":0,"pct":100}}
,"/workspaces/BloodHound/packages/javascript/bh-shared-ui/src/components/NodeIcon/NodeIcon.tsx": {"lines":{"total":63,"covered":63,"skipped":0,"pct":100},"functions":{"total":2,"covered":2,"skipped":0,"pct":100},"statements":{"total":63,"covered":63,"skipped":0,"pct":100},"branches":{"total":7,"covered":6,"skipped":0,"pct":85.71}}
,"/workspaces/BloodHound/packages/javascript/bh-shared-ui/src/components/NodeIcon/index.ts": {"lines":{"total":19,"covered":19,"skipped":0,"pct":100},"functions":{"total":0,"covered":0,"skipped":0,"pct":100},"statements":{"total":19,"covered":19,"skipped":0,"pct":100},"branches":{"total":0,"covered":0,"skipped":0,"pct":100}}
,"/workspaces/BloodHound/packages/javascript/bh-shared-ui/src/components/OneTimePasscodeForm/OneTimePasscodeForm.tsx": {"lines":{"total":92,"covered":92,"skipped":0,"pct":100},"functions":{"total":3,"covered":3,"skipped":0,"pct":100},"statements":{"total":92,"covered":92,"skipped":0,"pct":100},"branches":{"total":5,"covered":5,"skipped":0,"pct":100}}
,"/workspaces/BloodHound/packages/javascript/bh-shared-ui/src/components/OneTimePasscodeForm/index.ts": {"lines":{"total":18,"covered":18,"skipped":0,"pct":100},"functions":{"total":0,"covered":0,"skipped":0,"pct":100},"statements":{"total":18,"covered":18,"skipped":0,"pct":100},"branches":{"total":0,"covered":0,"skipped":0,"pct":100}}
,"/workspaces/BloodHound/packages/javascript/bh-shared-ui/src/components/PasswordDialog/PasswordDialog.tsx": {"lines":{"total":194,"covered":190,"skipped":0,"pct":97.93},"functions":{"total":8,"covered":6,"skipped":0,"pct":75},"statements":{"total":194,"covered":190,"skipped":0,"pct":97.93},"branches":{"total":13,"covered":13,"skipped":0,"pct":100}}
,"/workspaces/BloodHound/packages/javascript/bh-shared-ui/src/components/PasswordDialog/index.ts": {"lines":{"total":18,"covered":18,"skipped":0,"pct":100},"functions":{"total":0,"covered":0,"skipped":0,"pct":100},"statements":{"total":18,"covered":18,"skipped":0,"pct":100},"branches":{"total":0,"covered":0,"skipped":0,"pct":100}}
,"/workspaces/BloodHound/packages/javascript/bh-shared-ui/src/components/PrebuiltSearchList/PersonalSearchList.tsx": {"lines":{"total":77,"covered":25,"skipped":0,"pct":32.46},"functions":{"total":1,"covered":0,"skipped":0,"pct":0},"statements":{"total":77,"covered":25,"skipped":0,"pct":32.46},"branches":{"total":0,"covered":0,"skipped":0,"pct":100}}
,"/workspaces/BloodHound/packages/javascript/bh-shared-ui/src/components/PrebuiltSearchList/PrebuiltSearchList.tsx": {"lines":{"total":137,"covered":137,"skipped":0,"pct":100},"functions":{"total":6,"covered":6,"skipped":0,"pct":100},"statements":{"total":137,"covered":137,"skipped":0,"pct":100},"branches":{"total":9,"covered":9,"skipped":0,"pct":100}}
,"/workspaces/BloodHound/packages/javascript/bh-shared-ui/src/components/PrebuiltSearchList/index.ts": {"lines":{"total":20,"covered":20,"skipped":0,"pct":100},"functions":{"total":0,"covered":0,"skipped":0,"pct":100},"statements":{"total":20,"covered":20,"skipped":0,"pct":100},"branches":{"total":0,"covered":0,"skipped":0,"pct":100}}
,"/workspaces/BloodHound/packages/javascript/bh-shared-ui/src/components/SAMLProviderTable/SAMLProviderTable.tsx": {"lines":{"total":91,"covered":26,"skipped":0,"pct":28.57},"functions":{"total":1,"covered":0,"skipped":0,"pct":0},"statements":{"total":91,"covered":26,"skipped":0,"pct":28.57},"branches":{"total":0,"covered":0,"skipped":0,"pct":100}}
,"/workspaces/BloodHound/packages/javascript/bh-shared-ui/src/components/SAMLProviderTable/index.ts": {"lines":{"total":18,"covered":18,"skipped":0,"pct":100},"functions":{"total":0,"covered":0,"skipped":0,"pct":100},"statements":{"total":18,"covered":18,"skipped":0,"pct":100},"branches":{"total":0,"covered":0,"skipped":0,"pct":100}}
,"/workspaces/BloodHound/packages/javascript/bh-shared-ui/src/components/SAMLProviderTableActionMenu/SAMLProviderTableActionMenu.tsx": {"lines":{"total":90,"covered":88,"skipped":0,"pct":97.77},"functions":{"total":4,"covered":3,"skipped":0,"pct":75},"statements":{"total":90,"covered":88,"skipped":0,"pct":97.77},"branches":{"total":4,"covered":4,"skipped":0,"pct":100}}
,"/workspaces/BloodHound/packages/javascript/bh-shared-ui/src/components/SAMLProviderTableActionMenu/index.ts": {"lines":{"total":18,"covered":18,"skipped":0,"pct":100},"functions":{"total":0,"covered":0,"skipped":0,"pct":100},"statements":{"total":18,"covered":18,"skipped":0,"pct":100},"branches":{"total":0,"covered":0,"skipped":0,"pct":100}}
,"/workspaces/BloodHound/packages/javascript/bh-shared-ui/src/components/SearchCurrentNodes/SearchCurrentNodes.tsx": {"lines":{"total":153,"covered":152,"skipped":0,"pct":99.34},"functions":{"total":4,"covered":4,"skipped":0,"pct":100},"statements":{"total":153,"covered":152,"skipped":0,"pct":99.34},"branches":{"total":23,"covered":22,"skipped":0,"pct":95.65}}
,"/workspaces/BloodHound/packages/javascript/bh-shared-ui/src/components/SearchCurrentNodes/index.ts": {"lines":{"total":19,"covered":19,"skipped":0,"pct":100},"functions":{"total":0,"covered":0,"skipped":0,"pct":100},"statements":{"total":19,"covered":19,"skipped":0,"pct":100},"branches":{"total":0,"covered":0,"skipped":0,"pct":100}}
,"/workspaces/BloodHound/packages/javascript/bh-shared-ui/src/components/SearchCurrentNodes/types.ts": {"lines":{"total":28,"covered":28,"skipped":0,"pct":100},"functions":{"total":0,"covered":0,"skipped":0,"pct":100},"statements":{"total":28,"covered":28,"skipped":0,"pct":100},"branches":{"total":0,"covered":0,"skipped":0,"pct":100}}
,"/workspaces/BloodHound/packages/javascript/bh-shared-ui/src/components/SearchResultItem/SearchResultItem.tsx": {"lines":{"total":72,"covered":72,"skipped":0,"pct":100},"functions":{"total":1,"covered":1,"skipped":0,"pct":100},"statements":{"total":72,"covered":72,"skipped":0,"pct":100},"branches":{"total":3,"covered":1,"skipped":0,"pct":33.33}}
,"/workspaces/BloodHound/packages/javascript/bh-shared-ui/src/components/SearchResultItem/index.ts": {"lines":{"total":19,"covered":19,"skipped":0,"pct":100},"functions":{"total":0,"covered":0,"skipped":0,"pct":100},"statements":{"total":19,"covered":19,"skipped":0,"pct":100},"branches":{"total":0,"covered":0,"skipped":0,"pct":100}}
,"/workspaces/BloodHound/packages/javascript/bh-shared-ui/src/components/UserTokenManagementDialog/CreateUserTokenDialog.tsx": {"lines":{"total":92,"covered":89,"skipped":0,"pct":96.73},"functions":{"total":3,"covered":2,"skipped":0,"pct":66.66},"statements":{"total":92,"covered":89,"skipped":0,"pct":96.73},"branches":{"total":3,"covered":2,"skipped":0,"pct":66.66}}
,"/workspaces/BloodHound/packages/javascript/bh-shared-ui/src/components/UserTokenManagementDialog/TokenRevokeDialog.tsx": {"lines":{"total":55,"covered":28,"skipped":0,"pct":50.9},"functions":{"total":1,"covered":0,"skipped":0,"pct":0},"statements":{"total":55,"covered":28,"skipped":0,"pct":50.9},"branches":{"total":0,"covered":0,"skipped":0,"pct":100}}
,"/workspaces/BloodHound/packages/javascript/bh-shared-ui/src/components/UserTokenManagementDialog/UserTokenDialog.tsx": {"lines":{"total":55,"covered":27,"skipped":0,"pct":49.09},"functions":{"total":1,"covered":0,"skipped":0,"pct":0},"statements":{"total":55,"covered":27,"skipped":0,"pct":49.09},"branches":{"total":0,"covered":0,"skipped":0,"pct":100}}
,"/workspaces/BloodHound/packages/javascript/bh-shared-ui/src/components/UserTokenManagementDialog/UserTokenManagementDialog.tsx": {"lines":{"total":236,"covered":183,"skipped":0,"pct":77.54},"functions":{"total":11,"covered":4,"skipped":0,"pct":36.36},"statements":{"total":236,"covered":183,"skipped":0,"pct":77.54},"branches":{"total":14,"covered":9,"skipped":0,"pct":64.28}}
,"/workspaces/BloodHound/packages/javascript/bh-shared-ui/src/components/UserTokenManagementDialog/index.ts": {"lines":{"total":18,"covered":18,"skipped":0,"pct":100},"functions":{"total":0,"covered":0,"skipped":0,"pct":100},"statements":{"total":18,"covered":18,"skipped":0,"pct":100},"branches":{"total":0,"covered":0,"skipped":0,"pct":100}}
,"/workspaces/BloodHound/packages/javascript/bh-shared-ui/src/hooks/index.ts": {"lines":{"total":21,"covered":21,"skipped":0,"pct":100},"functions":{"total":0,"covered":0,"skipped":0,"pct":100},"statements":{"total":21,"covered":21,"skipped":0,"pct":100},"branches":{"total":0,"covered":0,"skipped":0,"pct":100}}
,"/workspaces/BloodHound/packages/javascript/bh-shared-ui/src/hooks/useAvailableDomains.tsx": {"lines":{"total":23,"covered":22,"skipped":0,"pct":95.65},"functions":{"total":1,"covered":0,"skipped":0,"pct":0},"statements":{"total":23,"covered":22,"skipped":0,"pct":95.65},"branches":{"total":0,"covered":0,"skipped":0,"pct":100}}
,"/workspaces/BloodHound/packages/javascript/bh-shared-ui/src/hooks/useOnClickOutside.ts": {"lines":{"total":37,"covered":32,"skipped":0,"pct":86.48},"functions":{"total":2,"covered":1,"skipped":0,"pct":50},"statements":{"total":37,"covered":32,"skipped":0,"pct":86.48},"branches":{"total":3,"covered":3,"skipped":0,"pct":100}}
,"/workspaces/BloodHound/packages/javascript/bh-shared-ui/src/hooks/useSavedQueries.ts": {"lines":{"total":57,"covered":35,"skipped":0,"pct":61.4},"functions":{"total":6,"covered":0,"skipped":0,"pct":0},"statements":{"total":57,"covered":35,"skipped":0,"pct":61.4},"branches":{"total":0,"covered":0,"skipped":0,"pct":100}}
,"/workspaces/BloodHound/packages/javascript/bh-shared-ui/src/providers/index.ts": {"lines":{"total":17,"covered":17,"skipped":0,"pct":100},"functions":{"total":0,"covered":0,"skipped":0,"pct":100},"statements":{"total":17,"covered":17,"skipped":0,"pct":100},"branches":{"total":0,"covered":0,"skipped":0,"pct":100}}
,"/workspaces/BloodHound/packages/javascript/bh-shared-ui/src/providers/NotificationProvider/NotificationsProvider.tsx": {"lines":{"total":56,"covered":47,"skipped":0,"pct":83.92},"functions":{"total":2,"covered":1,"skipped":0,"pct":50},"statements":{"total":56,"covered":47,"skipped":0,"pct":83.92},"branches":{"total":1,"covered":1,"skipped":0,"pct":100}}
,"/workspaces/BloodHound/packages/javascript/bh-shared-ui/src/providers/NotificationProvider/actions.ts": {"lines":{"total":57,"covered":34,"skipped":0,"pct":59.64},"functions":{"total":3,"covered":0,"skipped":0,"pct":0},"statements":{"total":57,"covered":34,"skipped":0,"pct":59.64},"branches":{"total":1,"covered":1,"skipped":0,"pct":100}}
,"/workspaces/BloodHound/packages/javascript/bh-shared-ui/src/providers/NotificationProvider/hooks.ts": {"lines":{"total":32,"covered":31,"skipped":0,"pct":96.87},"functions":{"total":4,"covered":1,"skipped":0,"pct":25},"statements":{"total":32,"covered":31,"skipped":0,"pct":96.87},"branches":{"total":1,"covered":1,"skipped":0,"pct":100}}
,"/workspaces/BloodHound/packages/javascript/bh-shared-ui/src/providers/NotificationProvider/index.ts": {"lines":{"total":19,"covered":19,"skipped":0,"pct":100},"functions":{"total":0,"covered":0,"skipped":0,"pct":100},"statements":{"total":19,"covered":19,"skipped":0,"pct":100},"branches":{"total":0,"covered":0,"skipped":0,"pct":100}}
,"/workspaces/BloodHound/packages/javascript/bh-shared-ui/src/providers/NotificationProvider/model.ts": {"lines":{"total":24,"covered":24,"skipped":0,"pct":100},"functions":{"total":0,"covered":0,"skipped":0,"pct":100},"statements":{"total":24,"covered":24,"skipped":0,"pct":100},"branches":{"total":0,"covered":0,"skipped":0,"pct":100}}
,"/workspaces/BloodHound/packages/javascript/bh-shared-ui/src/providers/NotificationProvider/reducer.ts": {"lines":{"total":32,"covered":20,"skipped":0,"pct":62.5},"functions":{"total":1,"covered":0,"skipped":0,"pct":0},"statements":{"total":32,"covered":20,"skipped":0,"pct":62.5},"branches":{"total":0,"covered":0,"skipped":0,"pct":100}}
,"/workspaces/BloodHound/packages/javascript/bh-shared-ui/src/store/index.ts": {"lines":{"total":18,"covered":18,"skipped":0,"pct":100},"functions":{"total":0,"covered":0,"skipped":0,"pct":100},"statements":{"total":18,"covered":18,"skipped":0,"pct":100},"branches":{"total":0,"covered":0,"skipped":0,"pct":100}}
,"/workspaces/BloodHound/packages/javascript/bh-shared-ui/src/store/edgeinfo/edgeSlice.ts": {"lines":{"total":92,"covered":72,"skipped":0,"pct":78.26},"functions":{"total":4,"covered":0,"skipped":0,"pct":0},"statements":{"total":92,"covered":72,"skipped":0,"pct":78.26},"branches":{"total":0,"covered":0,"skipped":0,"pct":100}}
,"/workspaces/BloodHound/packages/javascript/bh-shared-ui/src/utils/api.ts": {"lines":{"total":21,"covered":21,"skipped":0,"pct":100},"functions":{"total":0,"covered":0,"skipped":0,"pct":100},"statements":{"total":21,"covered":21,"skipped":0,"pct":100},"branches":{"total":0,"covered":0,"skipped":0,"pct":100}}
,"/workspaces/BloodHound/packages/javascript/bh-shared-ui/src/utils/datetime.ts": {"lines":{"total":46,"covered":30,"skipped":0,"pct":65.21},"functions":{"total":1,"covered":0,"skipped":0,"pct":0},"statements":{"total":46,"covered":30,"skipped":0,"pct":65.21},"branches":{"total":1,"covered":1,"skipped":0,"pct":100}}
,"/workspaces/BloodHound/packages/javascript/bh-shared-ui/src/utils/entityInfoDisplay.ts": {"lines":{"total":130,"covered":121,"skipped":0,"pct":93.07},"functions":{"total":7,"covered":6,"skipped":0,"pct":85.71},"statements":{"total":130,"covered":121,"skipped":0,"pct":93.07},"branches":{"total":37,"covered":36,"skipped":0,"pct":97.29}}
,"/workspaces/BloodHound/packages/javascript/bh-shared-ui/src/utils/exportGraphData.ts": {"lines":{"total":39,"covered":19,"skipped":0,"pct":48.71},"functions":{"total":2,"covered":0,"skipped":0,"pct":0},"statements":{"total":39,"covered":19,"skipped":0,"pct":48.71},"branches":{"total":0,"covered":0,"skipped":0,"pct":100}}
,"/workspaces/BloodHound/packages/javascript/bh-shared-ui/src/utils/icons.ts": {"lines":{"total":217,"covered":217,"skipped":0,"pct":100},"functions":{"total":0,"covered":0,"skipped":0,"pct":100},"statements":{"total":217,"covered":217,"skipped":0,"pct":100},"branches":{"total":1,"covered":1,"skipped":0,"pct":100}}
,"/workspaces/BloodHound/packages/javascript/bh-shared-ui/src/utils/index.ts": {"lines":{"total":23,"covered":23,"skipped":0,"pct":100},"functions":{"total":0,"covered":0,"skipped":0,"pct":100},"statements":{"total":23,"covered":23,"skipped":0,"pct":100},"branches":{"total":0,"covered":0,"skipped":0,"pct":100}}
,"/workspaces/BloodHound/packages/javascript/bh-shared-ui/src/utils/passwd.ts": {"lines":{"total":29,"covered":29,"skipped":0,"pct":100},"functions":{"total":1,"covered":1,"skipped":0,"pct":100},"statements":{"total":29,"covered":29,"skipped":0,"pct":100},"branches":{"total":1,"covered":1,"skipped":0,"pct":100}}
,"/workspaces/BloodHound/packages/javascript/bh-shared-ui/src/utils/user.ts": {"lines":{"total":26,"covered":20,"skipped":0,"pct":76.92},"functions":{"total":1,"covered":1,"skipped":0,"pct":100},"statements":{"total":26,"covered":20,"skipped":0,"pct":76.92},"branches":{"total":2,"covered":1,"skipped":0,"pct":50}}
,"/workspaces/BloodHound/packages/javascript/bh-shared-ui/src/views/index.ts": {"lines":{"total":17,"covered":17,"skipped":0,"pct":100},"functions":{"total":0,"covered":0,"skipped":0,"pct":100},"statements":{"total":17,"covered":17,"skipped":0,"pct":100},"branches":{"total":0,"covered":0,"skipped":0,"pct":100}}
,"/workspaces/BloodHound/packages/javascript/bh-shared-ui/src/views/UserProfile/UserProfile.tsx": {"lines":{"total":295,"covered":210,"skipped":0,"pct":71.18},"functions":{"total":16,"covered":3,"skipped":0,"pct":18.75},"statements":{"total":295,"covered":210,"skipped":0,"pct":71.18},"branches":{"total":16,"covered":10,"skipped":0,"pct":62.5}}
,"/workspaces/BloodHound/packages/javascript/bh-shared-ui/src/views/UserProfile/index.ts": {"lines":{"total":17,"covered":17,"skipped":0,"pct":100},"functions":{"total":0,"covered":0,"skipped":0,"pct":100},"statements":{"total":17,"covered":17,"skipped":0,"pct":100},"branches":{"total":0,"covered":0,"skipped":0,"pct":100}}
}
